#
# A fatal error has been detected by the Java Runtime Environment:
#
#  SIGSEGV (0xb) at pc=0x7a364ac2, pid=25888, tid=3062971200
#
# JRE version: 7.0_21-b11
# Java VM: Java HotSpot(TM) Server VM (23.21-b01 mixed mode linux-x86 )
# Problematic frame:
# C  [libopenal.so+0x1bac2]  alcCreateContext+0xd2
#
# Failed to write core dump. Core dumps have been disabled. To enable core dumping, try "ulimit -c unlimited" before starting Java again
#
# If you would like to submit a bug report, please visit:
#   http://bugreport.sun.com/bugreport/crash.jsp
# The crash happened outside the Java Virtual Machine in native code.
# See problematic frame for where to report the bug.
#

---------------  T H R E A D  ---------------

Current thread (0xb6706400):  JavaThread "main" [_thread_in_native, id=25891, stack(0xb68c3000,0xb6914000)]

siginfo:si_signo=SIGSEGV: si_errno=0, si_code=1 (SEGV_MAPERR), si_addr=0x7a300004

Registers:
EAX=0x7a300004, EBX=0x7a398ff4, ECX=0x000000ff, EDX=0x00000001
ESP=0xb6912970, EBP=0x7a2ffffc, ESI=0x78d00030, EDI=0x00000001
EIP=0x7a364ac2, EFLAGS=0x00210293, CR2=0x7a300004

Top of Stack: (sp=0xb6912970)
0xb6912970:   00000000 800d1a48 00000000 800cdf28
0xb6912980:   00000000 b6912998 b69129c8 b3703584
0xb6912990:   00000000 b3708c59 b70c83c8 7d539bc8
0xb69129a0:   00000004 00000000 b69129a8 00014cd7
0xb69129b0:   00000000 0000000d b6706dbc b6912ab4
0xb69129c0:   b6b6ccfe 000000ff b6fb3806 b69129dc
0xb69129d0:   b714fcac b6912c84 b6704b60 b6912a1c
0xb69129e0:   b6d60a21 b6912a08 00000004 0000ac44 

Instructions: (pc=0x7a364ac2)
0x7a364aa2:   8d b6 00 00 00 00 8b 55 00 81 fa 11 10 00 00 74
0x7a364ab2:   3b 81 fa 03 00 02 00 75 07 8b 50 fc 89 54 24 78
0x7a364ac2:   8b 10 89 c5 83 c0 08 85 d2 74 3a 81 fa 07 10 00
0x7a364ad2:   00 75 d3 8b 50 fc 89 54 24 7c 83 8e cc 00 00 00 

Register to memory mapping:

EAX=0x7a300004 is an unknown value
EBX=0x7a398ff4: <offset 0x4fff4> in /home/aivalis/Libraries/Java/lwjgl-2.9.0/native/linux/libopenal.so at 0x7a349000
ECX=0x000000ff is an unknown value
EDX=0x00000001 is an unknown value
ESP=0xb6912970 is pointing into the stack for thread: 0xb6706400
EBP=0x7a2ffffc is an unknown value
ESI=0x78d00030 is an unknown value
EDI=0x00000001 is an unknown value


Stack: [0xb68c3000,0xb6914000],  sp=0xb6912970,  free space=318k
Native frames: (J=compiled Java code, j=interpreted, Vv=VM code, C=native code)
C  [libopenal.so+0x1bac2]  alcCreateContext+0xd2

Java frames: (J=compiled Java code, j=interpreted, Vv=VM code)
j  org.lwjgl.openal.ALC10.nalcCreateContext(JJ)J+0
j  org.lwjgl.openal.ALC10.alcCreateContext(Lorg/lwjgl/openal/ALCdevice;Ljava/nio/IntBuffer;)Lorg/lwjgl/openal/ALCcontext;+8
j  org.lwjgl.openal.AL.init(Ljava/lang/String;IIZZ)V+69
j  org.lwjgl.openal.AL.create(Ljava/lang/String;IIZZ)V+227
j  org.lwjgl.openal.AL.create(Ljava/lang/String;IIZ)V+5
j  org.lwjgl.openal.AL.create()V+6
j  org.newdawn.slick.openal.SoundStore$1.run()Ljava/lang/Object;+0
v  ~StubRoutines::call_stub
j  java.security.AccessController.doPrivileged(Ljava/security/PrivilegedAction;)Ljava/lang/Object;+0
j  org.newdawn.slick.openal.SoundStore.init()V+26
j  org.newdawn.slick.Sound.<init>(Ljava/lang/String;)V+7
j  jbomber.Main.init(Lorg/newdawn/slick/GameContainer;)V+212
j  org.newdawn.slick.AppGameContainer.setup()V+170
j  org.newdawn.slick.AppGameContainer.start()V+1
j  jbomber.Main.main([Ljava/lang/String;)V+48
v  ~StubRoutines::call_stub

---------------  P R O C E S S  ---------------

Java Threads: ( => current thread )
  0x7cc8c800 JavaThread "process reaper" daemon [_thread_blocked, id=25909, stack(0x7cd20000,0x7cd31000)]
  0x7cc8b800 JavaThread "process reaper" daemon [_thread_blocked, id=25907, stack(0x7cd31000,0x7cd42000)]
  0x7cc73800 JavaThread "AWT-XAWT" daemon [_thread_in_native, id=25905, stack(0x7cd42000,0x7cd93000)]
  0x7cc4e000 JavaThread "Java2D Disposer" daemon [_thread_blocked, id=25904, stack(0x7cd93000,0x7cde4000)]
  0x7d578c00 JavaThread "Service Thread" daemon [_thread_blocked, id=25902, stack(0x7d0ba000,0x7d10b000)]
  0x7d576c00 JavaThread "C2 CompilerThread1" daemon [_thread_in_native, id=25901, stack(0x7d10b000,0x7d18c000)]
  0x7d574c00 JavaThread "C2 CompilerThread0" daemon [_thread_blocked, id=25900, stack(0x7d18c000,0x7d20d000)]
  0x7d573400 JavaThread "Signal Dispatcher" daemon [_thread_blocked, id=25899, stack(0x7d20d000,0x7d25e000)]
  0x7d538400 JavaThread "Finalizer" daemon [_thread_blocked, id=25898, stack(0x7d45e000,0x7d4af000)]
  0x7d536800 JavaThread "Reference Handler" daemon [_thread_blocked, id=25897, stack(0x7d4af000,0x7d500000)]
=>0xb6706400 JavaThread "main" [_thread_in_native, id=25891, stack(0xb68c3000,0xb6914000)]

Other Threads:
  0x7d531000 VMThread [stack: 0x7d60b000,0x7d68c000] [id=25896]
  0x7d57a800 WatcherThread [stack: 0x7d039000,0x7d0ba000] [id=25903]

VM state:not at safepoint (normal execution)

VM Mutex/Monitor currently owned by a thread: None

Heap
 PSYoungGen      total 14144K, used 6931K [0xa39a0000, 0xa4960000, 0xb3640000)
  eden space 12160K, 57% used [0xa39a0000,0xa4064f30,0xa4580000)
  from space 1984K, 0% used [0xa4770000,0xa4770000,0xa4960000)
  to   space 1984K, 0% used [0xa4580000,0xa4580000,0xa4770000)
 ParOldGen       total 32384K, used 0K [0x84040000, 0x85fe0000, 0xa39a0000)
  object space 32384K, 0% used [0x84040000,0x84040000,0x85fe0000)
 PSPermGen       total 16384K, used 4988K [0x80040000, 0x81040000, 0x84040000)
  object space 16384K, 30% used [0x80040000,0x8051f1e8,0x81040000)

Card table byte_map: [0x7fea4000,0x80040000] byte_map_base: 0x7faa3e00

Polling page: 0xb777a000

Code Cache  [0xb3700000, 0xb3940000, 0xb6700000)
 total_blobs=293 nmethods=34 adapters=212 free_code_cache=48764Kb largest_free_block=49917696

Compilation events (10 events):
Event: 0.907 Thread 0x7d574c00   27             java.util.StringTokenizer::scanToken (179 bytes)
Event: 0.926 Thread 0x7d574c00 nmethod 27 0xb375f608 code [0xb375f780, 0xb375fb40]
Event: 0.926 Thread 0x7d574c00   29             java.util.StringTokenizer::skipDelimiters (116 bytes)
Event: 0.930 Thread 0x7d576c00 nmethod 25 0xb37600c8 code [0xb3760300, 0xb3760de4]
Event: 0.930 Thread 0x7d576c00   30             java.nio.DirectByteBuffer::put (18 bytes)
Event: 0.931 Thread 0x7d576c00 nmethod 30 0xb3758388 code [0xb3758480, 0xb37584f0]
Event: 0.931 Thread 0x7d576c00   32             java.nio.DirectByteBuffer::get (16 bytes)
Event: 0.931 Thread 0x7d576c00 nmethod 32 0xb375e1c8 code [0xb375e2c0, 0xb375e330]
Event: 0.931 Thread 0x7d576c00   33             org.newdawn.slick.opengl.PNGImageData::loadImage (757 bytes)
Event: 0.932 Thread 0x7d574c00 nmethod 29 0xb3761b88 code [0xb3761cc0, 0xb3761f90]

GC Heap History (0 events):
No events

Deoptimization events (0 events):
No events

Internal exceptions (10 events):
Event: 0.984 Thread 0xb6706400 Threw 0xa401df40 at /HUDSON/workspace/jdk7u21-2-build-linux-i586-product/jdk7u21/hotspot/src/share/vm/prims/jvm.cpp:1166
Event: 0.984 Thread 0xb6706400 Threw 0xa401e910 at /HUDSON/workspace/jdk7u21-2-build-linux-i586-product/jdk7u21/hotspot/src/share/vm/prims/jvm.cpp:1166
Event: 0.984 Thread 0xb6706400 Threw 0xa401f830 at /HUDSON/workspace/jdk7u21-2-build-linux-i586-product/jdk7u21/hotspot/src/share/vm/prims/jni.cpp:742
Event: 0.984 Thread 0xb6706400 Threw 0xa401fe78 at /HUDSON/workspace/jdk7u21-2-build-linux-i586-product/jdk7u21/hotspot/src/share/vm/prims/jni.cpp:742
Event: 0.985 Thread 0xb6706400 Threw 0xa4020398 at /HUDSON/workspace/jdk7u21-2-build-linux-i586-product/jdk7u21/hotspot/src/share/vm/prims/jni.cpp:742
Event: 0.985 Thread 0xb6706400 Threw 0xa4020af8 at /HUDSON/workspace/jdk7u21-2-build-linux-i586-product/jdk7u21/hotspot/src/share/vm/prims/jvm.cpp:1166
Event: 0.987 Thread 0xb6706400 Threw 0xa402b578 at /HUDSON/workspace/jdk7u21-2-build-linux-i586-product/jdk7u21/hotspot/src/share/vm/prims/jvm.cpp:1166
Event: 1.000 Thread 0xb6706400 Threw 0xa4030e30 at /HUDSON/workspace/jdk7u21-2-build-linux-i586-product/jdk7u21/hotspot/src/share/vm/prims/jvm.cpp:1166
Event: 1.001 Thread 0xb6706400 Threw 0xa4033b00 at /HUDSON/workspace/jdk7u21-2-build-linux-i586-product/jdk7u21/hotspot/src/share/vm/prims/jvm.cpp:1166
Event: 1.001 Thread 0xb6706400 Threw 0xa4035f40 at /HUDSON/workspace/jdk7u21-2-build-linux-i586-product/jdk7u21/hotspot/src/share/vm/prims/jvm.cpp:1166

Events (10 events):
Event: 0.985 loading class 0x7c9e0570
Event: 0.985 loading class 0x7c9e0570 done
Event: 0.987 loading class 0x7a05c250
Event: 0.987 loading class 0x7a05c250 done
Event: 1.000 loading class 0x7a2f9ac8
Event: 1.000 loading class 0x7a2f9ac8 done
Event: 1.001 loading class 0x7a05c3e0
Event: 1.001 loading class 0x7a05c3e0 done
Event: 1.001 loading class 0x7a2f9af8
Event: 1.001 loading class 0x7a2f9af8 done


Dynamic libraries:
08048000-08049000 r-xp 00000000 08:05 1607280    /usr/lib/jvm/java-7-oracle/bin/java
08049000-0804a000 rw-p 00000000 08:05 1607280    /usr/lib/jvm/java-7-oracle/bin/java
09b37000-09c57000 rw-p 00000000 00:00 0          [heap]
74cff000-78d00000 rw-s 00000000 00:13 4668209    /run/shm/pulse-shm-36143692
78d00000-78d29000 rw-p 00000000 00:00 0 
78d29000-78e00000 ---p 00000000 00:00 0 
78e79000-78e7a000 ---p 00000000 00:00 0 
78e7a000-7967a000 rw-p 00000000 00:00 0          [stack:25913]
7967a000-797e0000 r-xp 00000000 08:05 398685     /usr/lib/i386-linux-gnu/libvorbisenc.so.2.0.8
797e0000-797f1000 r--p 00165000 08:05 398685     /usr/lib/i386-linux-gnu/libvorbisenc.so.2.0.8
797f1000-797f2000 rw-p 00176000 08:05 398685     /usr/lib/i386-linux-gnu/libvorbisenc.so.2.0.8
797f2000-79840000 r-xp 00000000 08:05 397882     /usr/lib/i386-linux-gnu/libFLAC.so.8.2.0
79840000-79841000 r--p 0004e000 08:05 397882     /usr/lib/i386-linux-gnu/libFLAC.so.8.2.0
79841000-79842000 rw-p 0004f000 08:05 397882     /usr/lib/i386-linux-gnu/libFLAC.so.8.2.0
79842000-798af000 r-xp 00000000 08:05 398594     /usr/lib/i386-linux-gnu/libsndfile.so.1.0.25
798af000-798b1000 r--p 0006c000 08:05 398594     /usr/lib/i386-linux-gnu/libsndfile.so.1.0.25
798b1000-798b2000 rw-p 0006e000 08:05 398594     /usr/lib/i386-linux-gnu/libsndfile.so.1.0.25
798b2000-798b6000 rw-p 00000000 00:00 0 
798b6000-798fe000 r-xp 00000000 08:05 2500167    /lib/i386-linux-gnu/libdbus-1.so.3.7.2
798fe000-798ff000 r--p 00047000 08:05 2500167    /lib/i386-linux-gnu/libdbus-1.so.3.7.2
798ff000-79900000 rw-p 00048000 08:05 2500167    /lib/i386-linux-gnu/libdbus-1.so.3.7.2
79900000-79b00000 rw-s 1d1087000 00:05 9574      /dev/dri/card0
79b00000-79b80000 rw-p 00000000 00:00 0 
79b80000-79c00000 ---p 00000000 00:00 0 
79c18000-79c41000 r-xp 00000000 08:05 398683     /usr/lib/i386-linux-gnu/libvorbis.so.0.4.5
79c41000-79c42000 ---p 00029000 08:05 398683     /usr/lib/i386-linux-gnu/libvorbis.so.0.4.5
79c42000-79c43000 r--p 00029000 08:05 398683     /usr/lib/i386-linux-gnu/libvorbis.so.0.4.5
79c43000-79c44000 rw-p 0002a000 08:05 398683     /usr/lib/i386-linux-gnu/libvorbis.so.0.4.5
79c44000-79cad000 r-xp 00000000 08:05 401049     /usr/lib/i386-linux-gnu/pulseaudio/libpulsecommon-3.0.so
79cad000-79cae000 r--p 00068000 08:05 401049     /usr/lib/i386-linux-gnu/pulseaudio/libpulsecommon-3.0.so
79cae000-79caf000 rw-p 00069000 08:05 401049     /usr/lib/i386-linux-gnu/pulseaudio/libpulsecommon-3.0.so
79caf000-79cfb000 r-xp 00000000 08:05 401048     /usr/lib/i386-linux-gnu/libpulse.so.0.15.3
79cfb000-79cfc000 ---p 0004c000 08:05 401048     /usr/lib/i386-linux-gnu/libpulse.so.0.15.3
79cfc000-79cfd000 r--p 0004c000 08:05 401048     /usr/lib/i386-linux-gnu/libpulse.so.0.15.3
79cfd000-79cfe000 rw-p 0004d000 08:05 401048     /usr/lib/i386-linux-gnu/libpulse.so.0.15.3
79cfe000-7a000000 rw-p 00000000 00:00 0 
7a000000-7a0ff000 rw-p 00000000 00:00 0 
7a0ff000-7a100000 ---p 00000000 00:00 0 
7a100000-7a200000 rw-s 1cfb9f000 00:05 9574      /dev/dri/card0
7a200000-7a300000 rw-p 00000000 00:00 0 
7a301000-7a314000 r-xp 00000000 08:05 2502581    /lib/i386-linux-gnu/libresolv-2.17.so
7a314000-7a315000 r--p 00013000 08:05 2502581    /lib/i386-linux-gnu/libresolv-2.17.so
7a315000-7a316000 rw-p 00014000 08:05 2502581    /lib/i386-linux-gnu/libresolv-2.17.so
7a316000-7a318000 rw-p 00000000 00:00 0 
7a318000-7a31e000 r-xp 00000000 08:05 398477     /usr/lib/i386-linux-gnu/libogg.so.0.8.0
7a31e000-7a31f000 r--p 00005000 08:05 398477     /usr/lib/i386-linux-gnu/libogg.so.0.8.0
7a31f000-7a320000 rw-p 00006000 08:05 398477     /usr/lib/i386-linux-gnu/libogg.so.0.8.0
7a320000-7a325000 r-xp 00000000 08:05 398030     /usr/lib/i386-linux-gnu/libasyncns.so.0.3.1
7a325000-7a326000 r--p 00004000 08:05 398030     /usr/lib/i386-linux-gnu/libasyncns.so.0.3.1
7a326000-7a327000 rw-p 00005000 08:05 398030     /usr/lib/i386-linux-gnu/libasyncns.so.0.3.1
7a327000-7a32f000 r-xp 00000000 08:05 2491190    /lib/i386-linux-gnu/libwrap.so.0.7.6
7a32f000-7a330000 r--p 00007000 08:05 2491190    /lib/i386-linux-gnu/libwrap.so.0.7.6
7a330000-7a331000 rw-p 00008000 08:05 2491190    /lib/i386-linux-gnu/libwrap.so.0.7.6
7a342000-7a349000 r--s 00000000 08:05 408452     /usr/lib/i386-linux-gnu/gconv/gconv-modules.cache
7a349000-7a397000 r-xp 00000000 08:05 577        /home/aivalis/Libraries/Java/lwjgl-2.9.0/native/linux/libopenal.so
7a397000-7a399000 r--p 0004d000 08:05 577        /home/aivalis/Libraries/Java/lwjgl-2.9.0/native/linux/libopenal.so
7a399000-7a39a000 rw-p 0004f000 08:05 577        /home/aivalis/Libraries/Java/lwjgl-2.9.0/native/linux/libopenal.so
7a39a000-7a3ba000 rw-s 1b318e000 00:05 9574      /dev/dri/card0
7a3ba000-7a3ca000 rw-s 1b315e000 00:05 9574      /dev/dri/card0
7a3ca000-7a3da000 rw-s 1b3136000 00:05 9574      /dev/dri/card0
7a3da000-7a3ea000 rw-s 1b3116000 00:05 9574      /dev/dri/card0
7a3ea000-7a870000 rw-p 00000000 00:00 0 
7a870000-7a8c7000 rw-p 00000000 00:00 0 
7a8c7000-7a8cf000 r-xp 00000000 08:05 2491115    /lib/i386-linux-gnu/libjson.so.0.1.0
7a8cf000-7a8d0000 r--p 00007000 08:05 2491115    /lib/i386-linux-gnu/libjson.so.0.1.0
7a8d0000-7a8d1000 rw-p 00008000 08:05 2491115    /lib/i386-linux-gnu/libjson.so.0.1.0
7a8d1000-7a8f1000 rw-s 1b30c6000 00:05 9574      /dev/dri/card0
7a8f1000-7a911000 rw-s 1b3076000 00:05 9574      /dev/dri/card0
7a911000-7a931000 rw-s 1b3036000 00:05 9574      /dev/dri/card0
7a931000-7a951000 rw-s 1cfcff000 00:05 9574      /dev/dri/card0
7a951000-7a9d1000 rw-s 1d0697000 00:05 9574      /dev/dri/card0
7a9d1000-7be7e000 r-xp 00000000 08:05 397188     /usr/lib/i386-linux-gnu/libLLVM-3.2.so.1
7be7e000-7bf2b000 r--p 014ad000 08:05 397188     /usr/lib/i386-linux-gnu/libLLVM-3.2.so.1
7bf2b000-7bf2e000 rw-p 0155a000 08:05 397188     /usr/lib/i386-linux-gnu/libLLVM-3.2.so.1
7bf2e000-7bf38000 rw-p 00000000 00:00 0 
7bf38000-7c014000 r-xp 00000000 08:05 393567     /usr/lib/i386-linux-gnu/libstdc++.so.6.0.17
7c014000-7c015000 ---p 000dc000 08:05 393567     /usr/lib/i386-linux-gnu/libstdc++.so.6.0.17
7c015000-7c019000 r--p 000dc000 08:05 393567     /usr/lib/i386-linux-gnu/libstdc++.so.6.0.17
7c019000-7c01a000 rw-p 000e0000 08:05 393567     /usr/lib/i386-linux-gnu/libstdc++.so.6.0.17
7c01a000-7c021000 rw-p 00000000 00:00 0 
7c021000-7c233000 r-xp 00000000 08:05 401374     /usr/lib/i386-linux-gnu/libgallium.so.0.0.0
7c233000-7c23c000 r--p 00211000 08:05 401374     /usr/lib/i386-linux-gnu/libgallium.so.0.0.0
7c23c000-7c23e000 rw-p 0021a000 08:05 401374     /usr/lib/i386-linux-gnu/libgallium.so.0.0.0
7c23e000-7c406000 rw-p 00000000 00:00 0 
7c406000-7c7a3000 r-xp 00000000 08:05 401375     /usr/lib/i386-linux-gnu/libdricore9.1.1.so.1.0.0
7c7a3000-7c7ac000 r--p 0039c000 08:05 401375     /usr/lib/i386-linux-gnu/libdricore9.1.1.so.1.0.0
7c7ac000-7c7b3000 rw-p 003a5000 08:05 401375     /usr/lib/i386-linux-gnu/libdricore9.1.1.so.1.0.0
7c7b3000-7c7c8000 rw-p 00000000 00:00 0 
7c7c8000-7c8fa000 r-xp 00000000 08:05 401367     /usr/lib/i386-linux-gnu/dri/nouveau_dri.so
7c8fa000-7c8fc000 r--p 00131000 08:05 401367     /usr/lib/i386-linux-gnu/dri/nouveau_dri.so
7c8fc000-7c8fe000 rw-p 00133000 08:05 401367     /usr/lib/i386-linux-gnu/dri/nouveau_dri.so
7c8fe000-7c900000 rw-p 00000000 00:00 0 
7c900000-7c9ef000 rw-p 00000000 00:00 0 
7c9ef000-7ca00000 ---p 00000000 00:00 0 
7ca01000-7ca21000 rw-s 1cfcbf000 00:05 9574      /dev/dri/card0
7ca21000-7ca61000 rw-s 1cfa5f000 00:05 9574      /dev/dri/card0
7ca61000-7ca93000 r-xp 00000000 08:05 398595     /usr/lib/i386-linux-gnu/libtxc_dxtn_s2tc.so.0.0.0
7ca93000-7ca94000 r--p 00031000 08:05 398595     /usr/lib/i386-linux-gnu/libtxc_dxtn_s2tc.so.0.0.0
7ca94000-7ca95000 rw-p 00032000 08:05 398595     /usr/lib/i386-linux-gnu/libtxc_dxtn_s2tc.so.0.0.0
7ca95000-7ca9a000 r-xp 00000000 08:05 393604     /usr/lib/i386-linux-gnu/libffi.so.6.0.1
7ca9a000-7ca9b000 r--p 00005000 08:05 393604     /usr/lib/i386-linux-gnu/libffi.so.6.0.1
7ca9b000-7ca9c000 rw-p 00006000 08:05 393604     /usr/lib/i386-linux-gnu/libffi.so.6.0.1
7ca9c000-7cab7000 r-xp 00000000 08:05 2491055    /lib/i386-linux-gnu/libgcc_s.so.1
7cab7000-7cab8000 r--p 0001a000 08:05 2491055    /lib/i386-linux-gnu/libgcc_s.so.1
7cab8000-7cab9000 rw-p 0001b000 08:05 2491055    /lib/i386-linux-gnu/libgcc_s.so.1
7cab9000-7cade000 r-xp 00000000 08:05 2491073    /lib/i386-linux-gnu/libexpat.so.1.6.0
7cade000-7cae0000 r--p 00025000 08:05 2491073    /lib/i386-linux-gnu/libexpat.so.1.6.0
7cae0000-7cae1000 rw-p 00027000 08:05 2491073    /lib/i386-linux-gnu/libexpat.so.1.6.0
7cae1000-7caf1000 rw-s 1b30f6000 00:05 9574      /dev/dri/card0
7caf1000-7caf9000 rw-s 1b309e000 00:05 9574      /dev/dri/card0
7caf9000-7cb0d000 r-xp 00000000 08:05 1723623    /usr/lib/jvm/java-7-oracle/jre/lib/i386/libnet.so
7cb0d000-7cb0e000 rw-p 00014000 08:05 1723623    /usr/lib/jvm/java-7-oracle/jre/lib/i386/libnet.so
7cb0e000-7cb19000 r-xp 00000000 08:05 397191     /usr/lib/i386-linux-gnu/libdrm.so.2.4.0
7cb19000-7cb1a000 r--p 0000a000 08:05 397191     /usr/lib/i386-linux-gnu/libdrm.so.2.4.0
7cb1a000-7cb1b000 rw-p 0000b000 08:05 397191     /usr/lib/i386-linux-gnu/libdrm.so.2.4.0
7cb1b000-7cb31000 r-xp 00000000 08:05 398701     /usr/lib/i386-linux-gnu/libxcb-glx.so.0.0.0
7cb31000-7cb32000 r--p 00016000 08:05 398701     /usr/lib/i386-linux-gnu/libxcb-glx.so.0.0.0
7cb32000-7cb33000 rw-p 00017000 08:05 398701     /usr/lib/i386-linux-gnu/libxcb-glx.so.0.0.0
7cb33000-7cb42000 r-xp 00000000 08:05 397186     /usr/lib/i386-linux-gnu/libglapi.so.0.0.0
7cb42000-7cb43000 ---p 0000f000 08:05 397186     /usr/lib/i386-linux-gnu/libglapi.so.0.0.0
7cb43000-7cb45000 r--p 0000f000 08:05 397186     /usr/lib/i386-linux-gnu/libglapi.so.0.0.0
7cb45000-7cb4a000 rwxp 00011000 08:05 397186     /usr/lib/i386-linux-gnu/libglapi.so.0.0.0
7cb4a000-7cb9d000 r-xp 00000000 08:05 397176     /usr/lib/i386-linux-gnu/mesa/libGL.so.1.2.0
7cb9d000-7cb9f000 r--p 00052000 08:05 397176     /usr/lib/i386-linux-gnu/mesa/libGL.so.1.2.0
7cb9f000-7cba3000 rwxp 00054000 08:05 397176     /usr/lib/i386-linux-gnu/mesa/libGL.so.1.2.0
7cba3000-7cba4000 rwxp 00000000 00:00 0 
7cba4000-7cbfe000 r-xp 00000000 08:05 575        /home/aivalis/Libraries/Java/lwjgl-2.9.0/native/linux/liblwjgl.so
7cbfe000-7cbff000 r--p 0005a000 08:05 575        /home/aivalis/Libraries/Java/lwjgl-2.9.0/native/linux/liblwjgl.so
7cbff000-7cc00000 rw-p 0005b000 08:05 575        /home/aivalis/Libraries/Java/lwjgl-2.9.0/native/linux/liblwjgl.so
7cc00000-7ccfe000 rw-p 00000000 00:00 0 
7ccfe000-7cd00000 ---p 00000000 00:00 0 
7cd03000-7cd06000 r-xp 00000000 08:05 397954     /usr/lib/i386-linux-gnu/libxcb-dri2.so.0.0.0
7cd06000-7cd07000 r--p 00003000 08:05 397954     /usr/lib/i386-linux-gnu/libxcb-dri2.so.0.0.0
7cd07000-7cd08000 rw-p 00004000 08:05 397954     /usr/lib/i386-linux-gnu/libxcb-dri2.so.0.0.0
7cd09000-7cd0f000 r-xp 00000000 08:05 398146     /usr/lib/i386-linux-gnu/libdrm_nouveau.so.2.0.0
7cd0f000-7cd10000 r--p 00005000 08:05 398146     /usr/lib/i386-linux-gnu/libdrm_nouveau.so.2.0.0
7cd10000-7cd11000 rw-p 00006000 08:05 398146     /usr/lib/i386-linux-gnu/libdrm_nouveau.so.2.0.0
7cd11000-7cd1f000 r-xp 00000000 08:05 1723576    /usr/lib/jvm/java-7-oracle/jre/lib/i386/libnio.so
7cd1f000-7cd20000 rw-p 0000e000 08:05 1723576    /usr/lib/jvm/java-7-oracle/jre/lib/i386/libnio.so
7cd20000-7cd23000 ---p 00000000 00:00 0 
7cd23000-7cd31000 rw-p 00000000 00:00 0          [stack:25909]
7cd31000-7cd34000 ---p 00000000 00:00 0 
7cd34000-7cd42000 rw-p 00000000 00:00 0          [stack:25907]
7cd42000-7cd45000 ---p 00000000 00:00 0 
7cd45000-7cd93000 rw-p 00000000 00:00 0          [stack:25905]
7cd93000-7cd96000 ---p 00000000 00:00 0 
7cd96000-7cde4000 rw-p 00000000 00:00 0          [stack:25904]
7cde4000-7ce04000 r-xp 00000000 08:05 393598     /usr/lib/i386-linux-gnu/libxcb.so.1.1.0
7ce04000-7ce05000 r--p 0001f000 08:05 393598     /usr/lib/i386-linux-gnu/libxcb.so.1.1.0
7ce05000-7ce06000 rw-p 00020000 08:05 393598     /usr/lib/i386-linux-gnu/libxcb.so.1.1.0
7ce06000-7cf38000 r-xp 00000000 08:05 394644     /usr/lib/i386-linux-gnu/libX11.so.6.3.0
7cf38000-7cf39000 r--p 00132000 08:05 394644     /usr/lib/i386-linux-gnu/libX11.so.6.3.0
7cf39000-7cf3c000 rw-p 00133000 08:05 394644     /usr/lib/i386-linux-gnu/libX11.so.6.3.0
7cf3c000-7cf85000 r-xp 00000000 08:05 1973738    /usr/lib/jvm/java-7-oracle/jre/lib/i386/xawt/libmawt.so
7cf85000-7cf88000 rw-p 00048000 08:05 1973738    /usr/lib/jvm/java-7-oracle/jre/lib/i386/xawt/libmawt.so
7cf88000-7d00e000 r-xp 00000000 08:05 1723624    /usr/lib/jvm/java-7-oracle/jre/lib/i386/libawt.so
7d00e000-7d015000 rw-p 00086000 08:05 1723624    /usr/lib/jvm/java-7-oracle/jre/lib/i386/libawt.so
7d015000-7d039000 rw-p 00000000 00:00 0 
7d039000-7d03a000 ---p 00000000 00:00 0 
7d03a000-7d0ba000 rw-p 00000000 00:00 0          [stack:25903]
7d0ba000-7d0bd000 ---p 00000000 00:00 0 
7d0bd000-7d10b000 rw-p 00000000 00:00 0          [stack:25902]
7d10b000-7d10e000 ---p 00000000 00:00 0 
7d10e000-7d18c000 rw-p 00000000 00:00 0          [stack:25901]
7d18c000-7d18f000 ---p 00000000 00:00 0 
7d18f000-7d20d000 rw-p 00000000 00:00 0          [stack:25900]
7d20d000-7d210000 ---p 00000000 00:00 0 
7d210000-7d25e000 rw-p 00000000 00:00 0          [stack:25899]
7d25e000-7d45e000 r--p 00000000 08:05 393345     /usr/lib/locale/locale-archive
7d45e000-7d461000 ---p 00000000 00:00 0 
7d461000-7d4af000 rw-p 00000000 00:00 0          [stack:25898]
7d4af000-7d4b2000 ---p 00000000 00:00 0 
7d4b2000-7d500000 rw-p 00000000 00:00 0          [stack:25897]
7d500000-7d5fc000 rw-p 00000000 00:00 0 
7d5fc000-7d600000 ---p 00000000 00:00 0 
7d600000-7d604000 rw-s 1b314a000 00:05 9574      /dev/dri/card0
7d604000-7d609000 r-xp 00000000 08:05 397976     /usr/lib/i386-linux-gnu/libXfixes.so.3.1.0
7d609000-7d60a000 r--p 00004000 08:05 397976     /usr/lib/i386-linux-gnu/libXfixes.so.3.1.0
7d60a000-7d60b000 rw-p 00005000 08:05 397976     /usr/lib/i386-linux-gnu/libXfixes.so.3.1.0
7d60b000-7d60c000 ---p 00000000 00:00 0 
7d60c000-7d68c000 rw-p 00000000 00:00 0          [stack:25896]
7d68c000-7d849000 r--s 039de000 08:05 1723554    /usr/lib/jvm/java-7-oracle/jre/lib/rt.jar
7d849000-7fa00000 rw-p 00000000 00:00 0 
7fa00000-7fafa000 rw-p 00000000 00:00 0 
7fafa000-7fb00000 ---p 00000000 00:00 0 
7fb00000-7fb09000 r-xp 00000000 08:05 397968     /usr/lib/i386-linux-gnu/libXcursor.so.1.0.2
7fb09000-7fb0a000 r--p 00008000 08:05 397968     /usr/lib/i386-linux-gnu/libXcursor.so.1.0.2
7fb0a000-7fb0b000 rw-p 00009000 08:05 397968     /usr/lib/i386-linux-gnu/libXcursor.so.1.0.2
7fb0b000-7fb10000 r-xp 00000000 08:05 397972     /usr/lib/i386-linux-gnu/libXdmcp.so.6.0.0
7fb10000-7fb11000 r--p 00004000 08:05 397972     /usr/lib/i386-linux-gnu/libXdmcp.so.6.0.0
7fb11000-7fb12000 rw-p 00005000 08:05 397972     /usr/lib/i386-linux-gnu/libXdmcp.so.6.0.0
7fb12000-7fb20000 r-xp 00000000 08:05 398095     /usr/lib/i386-linux-gnu/libXi.so.6.1.0
7fb20000-7fb21000 r--p 0000d000 08:05 398095     /usr/lib/i386-linux-gnu/libXi.so.6.1.0
7fb21000-7fb22000 rw-p 0000e000 08:05 398095     /usr/lib/i386-linux-gnu/libXi.so.6.1.0
7fb22000-7fb32000 r-xp 00000000 08:05 397974     /usr/lib/i386-linux-gnu/libXext.so.6.4.0
7fb32000-7fb33000 r--p 0000f000 08:05 397974     /usr/lib/i386-linux-gnu/libXext.so.6.4.0
7fb33000-7fb34000 rw-p 00010000 08:05 397974     /usr/lib/i386-linux-gnu/libXext.so.6.4.0
7fb34000-7fb7f000 rw-p 00000000 00:00 0 
7fb7f000-7fb80000 ---p 00000000 00:00 0 
7fb80000-7fc00000 rw-p 00000000 00:00 0          [stack:25895]
7fc00000-7fc21000 rw-p 00000000 00:00 0 
7fc21000-7fd00000 ---p 00000000 00:00 0 
7fd01000-7fd02000 r-xp 00000000 08:05 398152     /usr/lib/i386-linux-gnu/libX11-xcb.so.1.0.0
7fd02000-7fd03000 r--p 00000000 08:05 398152     /usr/lib/i386-linux-gnu/libX11-xcb.so.1.0.0
7fd03000-7fd04000 rw-p 00001000 08:05 398152     /usr/lib/i386-linux-gnu/libX11-xcb.so.1.0.0
7fd04000-7fd0c000 r-xp 00000000 08:05 397994     /usr/lib/i386-linux-gnu/libXrender.so.1.3.0
7fd0c000-7fd0d000 r--p 00007000 08:05 397994     /usr/lib/i386-linux-gnu/libXrender.so.1.3.0
7fd0d000-7fd0e000 rw-p 00008000 08:05 397994     /usr/lib/i386-linux-gnu/libXrender.so.1.3.0
7fd0e000-7fd0f000 rwxp 00000000 00:00 0 
7fd0f000-7fd11000 r-xp 00000000 08:05 397970     /usr/lib/i386-linux-gnu/libXdamage.so.1.1.0
7fd11000-7fd12000 r--p 00001000 08:05 397970     /usr/lib/i386-linux-gnu/libXdamage.so.1.1.0
7fd12000-7fd13000 rw-p 00002000 08:05 397970     /usr/lib/i386-linux-gnu/libXdamage.so.1.1.0
7fd13000-7fd17000 r-xp 00000000 08:05 398004     /usr/lib/i386-linux-gnu/libXxf86vm.so.1.0.0
7fd17000-7fd18000 r--p 00003000 08:05 398004     /usr/lib/i386-linux-gnu/libXxf86vm.so.1.0.0
7fd18000-7fd19000 rw-p 00004000 08:05 398004     /usr/lib/i386-linux-gnu/libXxf86vm.so.1.0.0
7fd19000-7fd22000 r-xp 00000000 08:05 397979     /usr/lib/i386-linux-gnu/libXrandr.so.2.2.0
7fd22000-7fd23000 r--p 00008000 08:05 397979     /usr/lib/i386-linux-gnu/libXrandr.so.2.2.0
7fd23000-7fd24000 rw-p 00009000 08:05 397979     /usr/lib/i386-linux-gnu/libXrandr.so.2.2.0
7fd24000-7fd25000 r-xp 00000000 08:05 1723571    /usr/lib/jvm/java-7-oracle/jre/lib/i386/libjawt.so
7fd25000-7fd26000 rw-p 00000000 08:05 1723571    /usr/lib/jvm/java-7-oracle/jre/lib/i386/libjawt.so
7fd26000-7fd27000 ---p 00000000 00:00 0 
7fd27000-7fdb7000 rw-p 00000000 00:00 0          [stack:25894]
7fdb7000-7fea4000 rw-p 00000000 00:00 0 
7fea4000-7feac000 rw-p 00000000 00:00 0 
7feac000-7fec4000 rw-p 00000000 00:00 0 
7fec4000-7fed4000 rw-p 00000000 00:00 0 
7fed4000-7ffc0000 rw-p 00000000 00:00 0 
7ffc0000-7ffc9000 rw-p 00000000 00:00 0 
7ffc9000-8003f000 rw-p 00000000 00:00 0 
8003f000-81040000 rw-p 00000000 00:00 0 
81040000-84040000 rw-p 00000000 00:00 0 
84040000-85fe0000 rw-p 00000000 00:00 0 
85fe0000-a39a0000 rw-p 00000000 00:00 0 
a39a0000-a4960000 rw-p 00000000 00:00 0 
a4960000-b3640000 rw-p 00000000 00:00 0 
b3640000-b3649000 rw-p 00000000 00:00 0 
b3649000-b3700000 rw-p 00000000 00:00 0 
b3700000-b3940000 rwxp 00000000 00:00 0 
b3940000-b67f7000 rw-p 00000000 00:00 0 
b67f7000-b6800000 ---p 00000000 00:00 0 
b6800000-b6805000 r-xp 00000000 08:05 397998     /usr/lib/i386-linux-gnu/libXtst.so.6.1.0
b6805000-b6806000 r--p 00004000 08:05 397998     /usr/lib/i386-linux-gnu/libXtst.so.6.1.0
b6806000-b6807000 rw-p 00005000 08:05 397998     /usr/lib/i386-linux-gnu/libXtst.so.6.1.0
b6807000-b6814000 r--s 000e6000 08:05 568        /home/aivalis/Libraries/Java/lwjgl-2.9.0/jar/lwjgl.jar
b6814000-b681c000 rw-p 00000000 00:00 0 
b681c000-b6834000 rw-p 00000000 00:00 0 
b6834000-b684b000 r-xp 00000000 08:05 1723604    /usr/lib/jvm/java-7-oracle/jre/lib/i386/libzip.so
b684b000-b684c000 rw-p 00017000 08:05 1723604    /usr/lib/jvm/java-7-oracle/jre/lib/i386/libzip.so
b684c000-b6857000 r-xp 00000000 08:05 2491247    /lib/i386-linux-gnu/libnss_files-2.17.so
b6857000-b6858000 r--p 0000a000 08:05 2491247    /lib/i386-linux-gnu/libnss_files-2.17.so
b6858000-b6859000 rw-p 0000b000 08:05 2491247    /lib/i386-linux-gnu/libnss_files-2.17.so
b6859000-b6863000 r-xp 00000000 08:05 2502575    /lib/i386-linux-gnu/libnss_nis-2.17.so
b6863000-b6864000 r--p 00009000 08:05 2502575    /lib/i386-linux-gnu/libnss_nis-2.17.so
b6864000-b6865000 rw-p 0000a000 08:05 2502575    /lib/i386-linux-gnu/libnss_nis-2.17.so
b6865000-b687a000 r-xp 00000000 08:05 2502584    /lib/i386-linux-gnu/libnsl-2.17.so
b687a000-b687b000 r--p 00014000 08:05 2502584    /lib/i386-linux-gnu/libnsl-2.17.so
b687b000-b687c000 rw-p 00015000 08:05 2502584    /lib/i386-linux-gnu/libnsl-2.17.so
b687c000-b687e000 rw-p 00000000 00:00 0 
b687e000-b687f000 rw-s 1d0897000 00:05 9574      /dev/dri/card0
b687f000-b6881000 r-xp 00000000 08:05 397961     /usr/lib/i386-linux-gnu/libXau.so.6.0.0
b6881000-b6882000 r--p 00001000 08:05 397961     /usr/lib/i386-linux-gnu/libXau.so.6.0.0
b6882000-b6883000 rw-p 00002000 08:05 397961     /usr/lib/i386-linux-gnu/libXau.so.6.0.0
b6883000-b688e000 r--s 000af000 08:05 3939463    /home/aivalis/Libraries/Java/slick.jar
b688e000-b6896000 rw-s 00000000 08:05 1320120    /tmp/hsperfdata_aivalis/25888
b6896000-b68b9000 r-xp 00000000 08:05 1723592    /usr/lib/jvm/java-7-oracle/jre/lib/i386/libjava.so
b68b9000-b68ba000 rw-p 00023000 08:05 1723592    /usr/lib/jvm/java-7-oracle/jre/lib/i386/libjava.so
b68ba000-b68c1000 r-xp 00000000 08:05 2490473    /lib/i386-linux-gnu/librt-2.17.so
b68c1000-b68c2000 r--p 00006000 08:05 2490473    /lib/i386-linux-gnu/librt-2.17.so
b68c2000-b68c3000 rw-p 00007000 08:05 2490473    /lib/i386-linux-gnu/librt-2.17.so
b68c3000-b68c6000 ---p 00000000 00:00 0 
b68c6000-b6914000 rw-p 00000000 00:00 0          [stack:25891]
b6914000-b6955000 r-xp 00000000 08:05 2491246    /lib/i386-linux-gnu/libm-2.17.so
b6955000-b6956000 r--p 00040000 08:05 2491246    /lib/i386-linux-gnu/libm-2.17.so
b6956000-b6957000 rw-p 00041000 08:05 2491246    /lib/i386-linux-gnu/libm-2.17.so
b6957000-b7112000 r-xp 00000000 08:05 1841367    /usr/lib/jvm/java-7-oracle/jre/lib/i386/server/libjvm.so
b7112000-b7164000 rw-p 007bb000 08:05 1841367    /usr/lib/jvm/java-7-oracle/jre/lib/i386/server/libjvm.so
b7164000-b7587000 rw-p 00000000 00:00 0 
b7587000-b7734000 r-xp 00000000 08:05 2502570    /lib/i386-linux-gnu/libc-2.17.so
b7734000-b7736000 r--p 001ad000 08:05 2502570    /lib/i386-linux-gnu/libc-2.17.so
b7736000-b7737000 rw-p 001af000 08:05 2502570    /lib/i386-linux-gnu/libc-2.17.so
b7737000-b773a000 rw-p 00000000 00:00 0 
b773a000-b773d000 r-xp 00000000 08:05 2502579    /lib/i386-linux-gnu/libdl-2.17.so
b773d000-b773e000 r--p 00002000 08:05 2502579    /lib/i386-linux-gnu/libdl-2.17.so
b773e000-b773f000 rw-p 00003000 08:05 2502579    /lib/i386-linux-gnu/libdl-2.17.so
b773f000-b7752000 r-xp 00000000 08:05 1723573    /usr/lib/jvm/java-7-oracle/jre/lib/i386/jli/libjli.so
b7752000-b7753000 rw-p 00012000 08:05 1723573    /usr/lib/jvm/java-7-oracle/jre/lib/i386/jli/libjli.so
b7753000-b7754000 rw-p 00000000 00:00 0 
b7754000-b776b000 r-xp 00000000 08:05 2502574    /lib/i386-linux-gnu/libpthread-2.17.so
b776b000-b776c000 r--p 00016000 08:05 2502574    /lib/i386-linux-gnu/libpthread-2.17.so
b776c000-b776d000 rw-p 00017000 08:05 2502574    /lib/i386-linux-gnu/libpthread-2.17.so
b776d000-b776f000 rw-p 00000000 00:00 0 
b776f000-b7770000 r--p 002c5000 08:05 393345     /usr/lib/locale/locale-archive
b7770000-b7777000 r-xp 00000000 08:05 2491245    /lib/i386-linux-gnu/libnss_compat-2.17.so
b7777000-b7778000 r--p 00006000 08:05 2491245    /lib/i386-linux-gnu/libnss_compat-2.17.so
b7778000-b7779000 rw-p 00007000 08:05 2491245    /lib/i386-linux-gnu/libnss_compat-2.17.so
b7779000-b777a000 rw-p 00000000 00:00 0 
b777a000-b777b000 r--p 00000000 00:00 0 
b777b000-b7786000 r-xp 00000000 08:05 1723609    /usr/lib/jvm/java-7-oracle/jre/lib/i386/libverify.so
b7786000-b7787000 rw-p 0000b000 08:05 1723609    /usr/lib/jvm/java-7-oracle/jre/lib/i386/libverify.so
b7787000-b7789000 rw-p 00000000 00:00 0 
b7789000-b778a000 r-xp 00000000 00:00 0          [vdso]
b778a000-b77aa000 r-xp 00000000 08:05 2502583    /lib/i386-linux-gnu/ld-2.17.so
b77aa000-b77ab000 r--p 0001f000 08:05 2502583    /lib/i386-linux-gnu/ld-2.17.so
b77ab000-b77ac000 rw-p 00020000 08:05 2502583    /lib/i386-linux-gnu/ld-2.17.so
bfa2e000-bfa4f000 rw-p 00000000 00:00 0          [stack]

VM Arguments:
jvm_args: -Dfile.encoding=UTF-8 -Djava.library.path=/home/aivalis/Libraries/Java/lwjgl-2.9.0/native/linux 
java_command: jbomber.Main
Launcher Type: SUN_STANDARD

Environment Variables:
PATH=/usr/lib/lightdm/lightdm:/usr/local/sbin:/usr/local/bin:/usr/sbin:/usr/bin:/sbin:/bin:/usr/games:/usr/local/games
LD_LIBRARY_PATH=/usr/lib/jvm/java-7-oracle/jre/lib/amd64:/usr/lib/jvm/java-7-oracle/jre/lib/i386:
SHELL=/bin/bash
DISPLAY=:0.0

Signal Handlers:
SIGSEGV: [libjvm.so+0x722ea0], sa_mask[0]=0x7ffbfeff, sa_flags=0x10000004
SIGBUS: [libjvm.so+0x722ea0], sa_mask[0]=0x7ffbfeff, sa_flags=0x10000004
SIGFPE: [libjvm.so+0x5dbc80], sa_mask[0]=0x7ffbfeff, sa_flags=0x10000004
SIGPIPE: [libjvm.so+0x5dbc80], sa_mask[0]=0x7ffbfeff, sa_flags=0x10000004
SIGXFSZ: [libjvm.so+0x5dbc80], sa_mask[0]=0x7ffbfeff, sa_flags=0x10000004
SIGILL: [libjvm.so+0x5dbc80], sa_mask[0]=0x7ffbfeff, sa_flags=0x10000004
SIGUSR1: SIG_DFL, sa_mask[0]=0x00000000, sa_flags=0x00000000
SIGUSR2: [libjvm.so+0x5db560], sa_mask[0]=0x00000004, sa_flags=0x10000004
SIGHUP: [libjvm.so+0x5ddb50], sa_mask[0]=0x7ffbfeff, sa_flags=0x10000004
SIGINT: SIG_IGN, sa_mask[0]=0x00000000, sa_flags=0x00000000
SIGTERM: [libjvm.so+0x5ddb50], sa_mask[0]=0x7ffbfeff, sa_flags=0x10000004
SIGQUIT: [libjvm.so+0x5ddb50], sa_mask[0]=0x7ffbfeff, sa_flags=0x10000004


---------------  S Y S T E M  ---------------

OS:wheezy/sid

uname:Linux 3.8.0-21-generic #32-Ubuntu SMP Tue May 14 22:17:37 UTC 2013 i686
libc:glibc 2.17 NPTL 2.17 
rlimit: STACK 8192k, CORE 0k, NPROC 24096, NOFILE 4096, AS infinity
load average:0.63 0.63 0.68

/proc/meminfo:
MemTotal:        3100816 kB
MemFree:          205964 kB
Buffers:          332576 kB
Cached:           533728 kB
SwapCached:        84136 kB
Active:          1472824 kB
Inactive:         973504 kB
Active(anon):    1119992 kB
Inactive(anon):   512636 kB
Active(file):     352832 kB
Inactive(file):   460868 kB
Unevictable:          64 kB
Mlocked:              64 kB
HighTotal:       2229864 kB
HighFree:          49448 kB
LowTotal:         870952 kB
LowFree:          156516 kB
SwapTotal:       2928636 kB
SwapFree:        2337284 kB
Dirty:               160 kB
Writeback:             0 kB
AnonPages:       1519160 kB
Mapped:           163608 kB
Shmem:             52696 kB
Slab:              71548 kB
SReclaimable:      37400 kB
SUnreclaim:        34148 kB
KernelStack:        5952 kB
PageTables:        24608 kB
NFS_Unstable:          0 kB
Bounce:                0 kB
WritebackTmp:          0 kB
CommitLimit:     4479044 kB
Committed_AS:    8410480 kB
VmallocTotal:     122880 kB
VmallocUsed:       62036 kB
VmallocChunk:      19448 kB
HardwareCorrupted:     0 kB
AnonHugePages:         0 kB
HugePages_Total:       0
HugePages_Free:        0
HugePages_Rsvd:        0
HugePages_Surp:        0
Hugepagesize:       2048 kB
DirectMap4k:      708600 kB
DirectMap2M:      204800 kB


CPU:total 2 (2 cores per cpu, 1 threads per core) family 6 model 23 stepping 6, cmov, cx8, fxsr, mmx, sse, sse2, sse3, ssse3, sse4.1, tsc

/proc/cpuinfo:
processor	: 0
vendor_id	: GenuineIntel
cpu family	: 6
model		: 23
model name	: Intel(R) Core(TM)2 Duo CPU     P8600  @ 2.40GHz
stepping	: 6
microcode	: 0x60c
cpu MHz		: 2401.000
cache size	: 3072 KB
physical id	: 0
siblings	: 2
core id		: 0
cpu cores	: 2
apicid		: 0
initial apicid	: 0
fdiv_bug	: no
hlt_bug		: no
f00f_bug	: no
coma_bug	: no
fpu		: yes
fpu_exception	: yes
cpuid level	: 10
wp		: yes
flags		: fpu vme de pse tsc msr pae mce cx8 apic sep mtrr pge mca cmov pat pse36 clflush dts acpi mmx fxsr sse sse2 ss ht tm pbe nx lm constant_tsc arch_perfmon pebs bts aperfmperf pni dtes64 monitor ds_cpl vmx smx est tm2 ssse3 cx16 xtpr pdcm sse4_1 lahf_lm dtherm tpr_shadow vnmi flexpriority
bogomips	: 4788.58
clflush size	: 64
cache_alignment	: 64
address sizes	: 36 bits physical, 48 bits virtual
power management:

processor	: 1
vendor_id	: GenuineIntel
cpu family	: 6
model		: 23
model name	: Intel(R) Core(TM)2 Duo CPU     P8600  @ 2.40GHz
stepping	: 6
microcode	: 0x60c
cpu MHz		: 2401.000
cache size	: 3072 KB
physical id	: 0
siblings	: 2
core id		: 1
cpu cores	: 2
apicid		: 1
initial apicid	: 1
fdiv_bug	: no
hlt_bug		: no
f00f_bug	: no
coma_bug	: no
fpu		: yes
fpu_exception	: yes
cpuid level	: 10
wp		: yes
flags		: fpu vme de pse tsc msr pae mce cx8 apic sep mtrr pge mca cmov pat pse36 clflush dts acpi mmx fxsr sse sse2 ss ht tm pbe nx lm constant_tsc arch_perfmon pebs bts aperfmperf pni dtes64 monitor ds_cpl vmx smx est tm2 ssse3 cx16 xtpr pdcm sse4_1 lahf_lm dtherm tpr_shadow vnmi flexpriority
bogomips	: 4788.58
clflush size	: 64
cache_alignment	: 64
address sizes	: 36 bits physical, 48 bits virtual
power management:



Memory: 4k page, physical 3100816k(205964k free), swap 2928636k(2337284k free)

vm_info: Java HotSpot(TM) Server VM (23.21-b01) for linux-x86 JRE (1.7.0_21-b11), built on Apr  4 2013 04:20:11 by "java_re" with gcc 4.3.0 20080428 (Red Hat 4.3.0-8)

time: Mon May 20 01:52:10 2013
elapsed time: 1 seconds

