#
# A fatal error has been detected by the Java Runtime Environment:
#
#  SIGSEGV (0xb) at pc=0x7a144ac2, pid=14795, tid=3063159616
#
# JRE version: 7.0_21-b11
# Java VM: Java HotSpot(TM) Server VM (23.21-b01 mixed mode linux-x86 )
# Problematic frame:
# C  [libopenal.so+0x1bac2]  alcCreateContext+0xd2
#
# Failed to write core dump. Core dumps have been disabled. To enable core dumping, try "ulimit -c unlimited" before starting Java again
#
# If you would like to submit a bug report, please visit:
#   http://bugreport.sun.com/bugreport/crash.jsp
# The crash happened outside the Java Virtual Machine in native code.
# See problematic frame for where to report the bug.
#

---------------  T H R E A D  ---------------

Current thread (0xb6707c00):  JavaThread "main" [_thread_in_native, id=14800, stack(0xb68f1000,0xb6942000)]

siginfo:si_signo=SIGSEGV: si_errno=0, si_code=2 (SEGV_ACCERR), si_addr=0x7a0ef004

Registers:
EAX=0x7a0ef004, EBX=0x7a178ff4, ECX=0x000000ff, EDX=0x00000001
ESP=0xb6940970, EBP=0x7a0eeffc, ESI=0x74c4d260, EDI=0x00000001
EIP=0x7a144ac2, EFLAGS=0x00210293, CR2=0x7a0ef004

Top of Stack: (sp=0xb6940970)
0xb6940970:   00000000 7fed42d8 00000000 7fed05f8
0xb6940980:   00000000 b6940998 b69409c8 b3503604
0xb6940990:   00000000 b350c2f9 b70f63c8 7d3392d8
0xb69409a0:   00000004 00000000 b69409a8 00014cd7
0xb69409b0:   00000000 0000000d b67084c4 b6940ab4
0xb69409c0:   b6b9acfe 000000ff b6fe1806 b69409dc
0xb69409d0:   b717dcac b6940c84 b6706268 b6940a1c
0xb69409e0:   b6d8ea21 b6940a08 00000004 0000ac44 

Instructions: (pc=0x7a144ac2)
0x7a144aa2:   8d b6 00 00 00 00 8b 55 00 81 fa 11 10 00 00 74
0x7a144ab2:   3b 81 fa 03 00 02 00 75 07 8b 50 fc 89 54 24 78
0x7a144ac2:   8b 10 89 c5 83 c0 08 85 d2 74 3a 81 fa 07 10 00
0x7a144ad2:   00 75 d3 8b 50 fc 89 54 24 7c 83 8e cc 00 00 00 

Register to memory mapping:

EAX=0x7a0ef004 is an unknown value
EBX=0x7a178ff4: <offset 0x4fff4> in /home/aivalis/Libraries/Java/lwjgl-2.9.0/native/linux/libopenal.so at 0x7a129000
ECX=0x000000ff is an unknown value
EDX=0x00000001 is an unknown value
ESP=0xb6940970 is pointing into the stack for thread: 0xb6707c00
EBP=0x7a0eeffc is an unknown value
ESI=0x74c4d260 is an unknown value
EDI=0x00000001 is an unknown value


Stack: [0xb68f1000,0xb6942000],  sp=0xb6940970,  free space=318k
Native frames: (J=compiled Java code, j=interpreted, Vv=VM code, C=native code)
C  [libopenal.so+0x1bac2]  alcCreateContext+0xd2

Java frames: (J=compiled Java code, j=interpreted, Vv=VM code)
j  org.lwjgl.openal.ALC10.nalcCreateContext(JJ)J+0
j  org.lwjgl.openal.ALC10.alcCreateContext(Lorg/lwjgl/openal/ALCdevice;Ljava/nio/IntBuffer;)Lorg/lwjgl/openal/ALCcontext;+8
j  org.lwjgl.openal.AL.init(Ljava/lang/String;IIZZ)V+69
j  org.lwjgl.openal.AL.create(Ljava/lang/String;IIZZ)V+227
j  org.lwjgl.openal.AL.create(Ljava/lang/String;IIZ)V+5
j  org.lwjgl.openal.AL.create()V+6
j  org.newdawn.slick.openal.SoundStore$1.run()Ljava/lang/Object;+0
v  ~StubRoutines::call_stub
j  java.security.AccessController.doPrivileged(Ljava/security/PrivilegedAction;)Ljava/lang/Object;+0
j  org.newdawn.slick.openal.SoundStore.init()V+26
j  org.newdawn.slick.Sound.<init>(Ljava/lang/String;)V+7
j  jbomber.Main.init(Lorg/newdawn/slick/GameContainer;)V+212
j  org.newdawn.slick.AppGameContainer.setup()V+170
j  org.newdawn.slick.AppGameContainer.start()V+1
j  jbomber.Main.main([Ljava/lang/String;)V+48
v  ~StubRoutines::call_stub

---------------  P R O C E S S  ---------------

Java Threads: ( => current thread )
  0x7cede400 JavaThread "process reaper" daemon [_thread_blocked, id=14823, stack(0x7fb08000,0x7fb19000)]
  0x7cecd800 JavaThread "AWT-XAWT" daemon [_thread_in_native, id=14821, stack(0x7cb2b000,0x7cb7c000)]
  0x7cea7000 JavaThread "Java2D Disposer" daemon [_thread_blocked, id=14820, stack(0x7cb7c000,0x7cbcd000)]
  0x7d38b800 JavaThread "Service Thread" daemon [_thread_blocked, id=14818, stack(0x7cfc7000,0x7d018000)]
  0x7d380c00 JavaThread "C2 CompilerThread1" daemon [_thread_blocked, id=14817, stack(0x7d018000,0x7d099000)]
  0x7d37ec00 JavaThread "C2 CompilerThread0" daemon [_thread_in_native, id=14816, stack(0x7d099000,0x7d11a000)]
  0x08ea3400 JavaThread "JDWP Command Reader" daemon [_thread_in_native, id=14813, stack(0x7d11a000,0x7d16b000)]
  0x7d37d400 JavaThread "JDWP Event Helper Thread" daemon [_thread_blocked, id=14812, stack(0x7d16b000,0x7d1bc000)]
  0x7d37a800 JavaThread "JDWP Transport Listener: dt_socket" daemon [_thread_blocked, id=14809, stack(0x7d1bc000,0x7d20d000)]
  0x7d372000 JavaThread "Signal Dispatcher" daemon [_thread_blocked, id=14808, stack(0x7d20d000,0x7d25e000)]
  0x7d337c00 JavaThread "Finalizer" daemon [_thread_blocked, id=14807, stack(0x7d25e000,0x7d2af000)]
  0x7d336000 JavaThread "Reference Handler" daemon [_thread_blocked, id=14806, stack(0x7d2af000,0x7d300000)]
=>0xb6707c00 JavaThread "main" [_thread_in_native, id=14800, stack(0xb68f1000,0xb6942000)]

Other Threads:
  0x7d330400 VMThread [stack: 0x7d40b000,0x7d48c000] [id=14803]
  0x7d38d400 WatcherThread [stack: 0x7cf46000,0x7cfc7000] [id=14819]

VM state:not at safepoint (normal execution)

VM Mutex/Monitor currently owned by a thread: None

Heap
 PSYoungGen      total 14144K, used 6942K [0xa37a0000, 0xa4760000, 0xb3440000)
  eden space 12160K, 57% used [0xa37a0000,0xa3e678a0,0xa4380000)
  from space 1984K, 0% used [0xa4570000,0xa4570000,0xa4760000)
  to   space 1984K, 0% used [0xa4380000,0xa4380000,0xa4570000)
 ParOldGen       total 32384K, used 0K [0x83e40000, 0x85de0000, 0xa37a0000)
  object space 32384K, 0% used [0x83e40000,0x83e40000,0x85de0000)
 PSPermGen       total 16384K, used 5067K [0x7fe40000, 0x80e40000, 0x83e40000)
  object space 16384K, 30% used [0x7fe40000,0x80332e58,0x80e40000)

Card table byte_map: [0x7fca4000,0x7fe40000] byte_map_base: 0x7f8a4e00

Polling page: 0xb77a8000

Code Cache  [0xb3500000, 0xb3740000, 0xb6500000)
 total_blobs=286 nmethods=35 adapters=212 free_code_cache=48752Kb largest_free_block=49907328

Compilation events (10 events):
Event: 1.913 Thread 0x7d37ec00   30             java.nio.DirectByteBuffer::put (18 bytes)
Event: 1.914 Thread 0x7d37ec00 nmethod 30 0xb3561488 code [0xb3561580, 0xb35615f0]
Event: 1.914 Thread 0x7d37ec00   32             java.nio.DirectByteBuffer::get (16 bytes)
Event: 1.915 Thread 0x7d37ec00 nmethod 32 0xb355b588 code [0xb355b680, 0xb355b6f0]
Event: 1.915 Thread 0x7d37ec00   33             org.newdawn.slick.opengl.PNGImageData::loadImage (757 bytes)
Event: 1.918 Thread 0x7d380c00 nmethod 1% 0xb3566f88 code [0xb35670a0, 0xb3567730]
Event: 1.948 Thread 0x7d380c00   34             java.lang.Math::min (11 bytes)
Event: 1.948 Thread 0x7d380c00 nmethod 34 0xb3561348 code [0xb3561420, 0xb3561450]
Event: 1.953 Thread 0x7d380c00   35             java.lang.String::startsWith (72 bytes)
Event: 1.956 Thread 0x7d380c00 nmethod 35 0xb3563d08 code [0xb3563e20, 0xb3564050]

GC Heap History (0 events):
No events

Deoptimization events (0 events):
No events

Internal exceptions (10 events):
Event: 1.916 Thread 0xb6707c00 Threw 0xa3e1e7d8 at /HUDSON/workspace/jdk7u21-2-build-linux-i586-product/jdk7u21/hotspot/src/share/vm/prims/jvm.cpp:1166
Event: 1.916 Thread 0xb6707c00 Threw 0xa3e1f1a8 at /HUDSON/workspace/jdk7u21-2-build-linux-i586-product/jdk7u21/hotspot/src/share/vm/prims/jvm.cpp:1166
Event: 1.916 Thread 0xb6707c00 Threw 0xa3e200c8 at /HUDSON/workspace/jdk7u21-2-build-linux-i586-product/jdk7u21/hotspot/src/share/vm/prims/jni.cpp:742
Event: 1.916 Thread 0xb6707c00 Threw 0xa3e20710 at /HUDSON/workspace/jdk7u21-2-build-linux-i586-product/jdk7u21/hotspot/src/share/vm/prims/jni.cpp:742
Event: 1.916 Thread 0xb6707c00 Threw 0xa3e20c30 at /HUDSON/workspace/jdk7u21-2-build-linux-i586-product/jdk7u21/hotspot/src/share/vm/prims/jni.cpp:742
Event: 1.919 Thread 0xb6707c00 Threw 0xa3e21390 at /HUDSON/workspace/jdk7u21-2-build-linux-i586-product/jdk7u21/hotspot/src/share/vm/prims/jvm.cpp:1166
Event: 1.921 Thread 0xb6707c00 Threw 0xa3e2b2a0 at /HUDSON/workspace/jdk7u21-2-build-linux-i586-product/jdk7u21/hotspot/src/share/vm/prims/jvm.cpp:1166
Event: 1.948 Thread 0xb6707c00 Threw 0xa3e30b58 at /HUDSON/workspace/jdk7u21-2-build-linux-i586-product/jdk7u21/hotspot/src/share/vm/prims/jvm.cpp:1166
Event: 1.949 Thread 0xb6707c00 Threw 0xa3e336d8 at /HUDSON/workspace/jdk7u21-2-build-linux-i586-product/jdk7u21/hotspot/src/share/vm/prims/jvm.cpp:1166
Event: 1.952 Thread 0xb6707c00 Threw 0xa3e35b18 at /HUDSON/workspace/jdk7u21-2-build-linux-i586-product/jdk7u21/hotspot/src/share/vm/prims/jvm.cpp:1166

Events (10 events):
Event: 1.919 loading class 0x7a643bd8
Event: 1.919 loading class 0x7a643bd8 done
Event: 1.920 loading class 0x7a6fd1c0
Event: 1.920 loading class 0x7a6fd1c0 done
Event: 1.947 loading class 0x7a0e8a98
Event: 1.947 loading class 0x7a0e8a98 done
Event: 1.949 loading class 0x7a6fd350
Event: 1.949 loading class 0x7a6fd350 done
Event: 1.952 loading class 0x7a0e8ac8
Event: 1.952 loading class 0x7a0e8ac8 done


Dynamic libraries:
08048000-08049000 r-xp 00000000 08:05 1607280    /usr/lib/jvm/java-7-oracle/bin/java
08049000-0804a000 rw-p 00000000 08:05 1607280    /usr/lib/jvm/java-7-oracle/bin/java
08ea2000-08f97000 rw-p 00000000 00:00 0          [heap]
74c00000-74ca9000 rw-p 00000000 00:00 0 
74ca9000-74d00000 ---p 00000000 00:00 0 
74d77000-78d78000 rw-s 00000000 00:13 6795590    /run/shm/pulse-shm-2979687401
78d78000-78d79000 ---p 00000000 00:00 0 
78d79000-79579000 rw-p 00000000 00:00 0          [stack:14828]
79579000-796df000 r-xp 00000000 08:05 398685     /usr/lib/i386-linux-gnu/libvorbisenc.so.2.0.8
796df000-796f0000 r--p 00165000 08:05 398685     /usr/lib/i386-linux-gnu/libvorbisenc.so.2.0.8
796f0000-796f1000 rw-p 00176000 08:05 398685     /usr/lib/i386-linux-gnu/libvorbisenc.so.2.0.8
796f1000-7973f000 r-xp 00000000 08:05 397882     /usr/lib/i386-linux-gnu/libFLAC.so.8.2.0
7973f000-79740000 r--p 0004e000 08:05 397882     /usr/lib/i386-linux-gnu/libFLAC.so.8.2.0
79740000-79741000 rw-p 0004f000 08:05 397882     /usr/lib/i386-linux-gnu/libFLAC.so.8.2.0
79741000-797ae000 r-xp 00000000 08:05 398594     /usr/lib/i386-linux-gnu/libsndfile.so.1.0.25
797ae000-797b0000 r--p 0006c000 08:05 398594     /usr/lib/i386-linux-gnu/libsndfile.so.1.0.25
797b0000-797b1000 rw-p 0006e000 08:05 398594     /usr/lib/i386-linux-gnu/libsndfile.so.1.0.25
797b1000-797b5000 rw-p 00000000 00:00 0 
797b5000-797fd000 r-xp 00000000 08:05 2500167    /lib/i386-linux-gnu/libdbus-1.so.3.7.2
797fd000-797fe000 r--p 00047000 08:05 2500167    /lib/i386-linux-gnu/libdbus-1.so.3.7.2
797fe000-797ff000 rw-p 00048000 08:05 2500167    /lib/i386-linux-gnu/libdbus-1.so.3.7.2
797ff000-799ff000 rw-s 15de02000 00:05 8441      /dev/dri/card0
799ff000-79c00000 rw-p 00000000 00:00 0 
79c00000-79ce2000 rw-p 00000000 00:00 0 
79ce2000-79d00000 ---p 00000000 00:00 0 
79d19000-79d42000 r-xp 00000000 08:05 398683     /usr/lib/i386-linux-gnu/libvorbis.so.0.4.5
79d42000-79d43000 ---p 00029000 08:05 398683     /usr/lib/i386-linux-gnu/libvorbis.so.0.4.5
79d43000-79d44000 r--p 00029000 08:05 398683     /usr/lib/i386-linux-gnu/libvorbis.so.0.4.5
79d44000-79d45000 rw-p 0002a000 08:05 398683     /usr/lib/i386-linux-gnu/libvorbis.so.0.4.5
79d45000-79dae000 r-xp 00000000 08:05 401049     /usr/lib/i386-linux-gnu/pulseaudio/libpulsecommon-3.0.so
79dae000-79daf000 r--p 00068000 08:05 401049     /usr/lib/i386-linux-gnu/pulseaudio/libpulsecommon-3.0.so
79daf000-79db0000 rw-p 00069000 08:05 401049     /usr/lib/i386-linux-gnu/pulseaudio/libpulsecommon-3.0.so
79db0000-79dfc000 r-xp 00000000 08:05 401048     /usr/lib/i386-linux-gnu/libpulse.so.0.15.3
79dfc000-79dfd000 ---p 0004c000 08:05 401048     /usr/lib/i386-linux-gnu/libpulse.so.0.15.3
79dfd000-79dfe000 r--p 0004c000 08:05 401048     /usr/lib/i386-linux-gnu/libpulse.so.0.15.3
79dfe000-79dff000 rw-p 0004d000 08:05 401048     /usr/lib/i386-linux-gnu/libpulse.so.0.15.3
79dff000-79eff000 rw-s 15d93a000 00:05 8441      /dev/dri/card0
79eff000-7a000000 rw-p 00000000 00:00 0 
7a000000-7a0ef000 rw-p 00000000 00:00 0 
7a0ef000-7a100000 ---p 00000000 00:00 0 
7a10a000-7a11d000 r-xp 00000000 08:05 2502581    /lib/i386-linux-gnu/libresolv-2.17.so
7a11d000-7a11e000 r--p 00013000 08:05 2502581    /lib/i386-linux-gnu/libresolv-2.17.so
7a11e000-7a11f000 rw-p 00014000 08:05 2502581    /lib/i386-linux-gnu/libresolv-2.17.so
7a11f000-7a121000 rw-p 00000000 00:00 0 
7a121000-7a127000 r-xp 00000000 08:05 398477     /usr/lib/i386-linux-gnu/libogg.so.0.8.0
7a127000-7a128000 r--p 00005000 08:05 398477     /usr/lib/i386-linux-gnu/libogg.so.0.8.0
7a128000-7a129000 rw-p 00006000 08:05 398477     /usr/lib/i386-linux-gnu/libogg.so.0.8.0
7a129000-7a177000 r-xp 00000000 08:05 577        /home/aivalis/Libraries/Java/lwjgl-2.9.0/native/linux/libopenal.so
7a177000-7a179000 r--p 0004d000 08:05 577        /home/aivalis/Libraries/Java/lwjgl-2.9.0/native/linux/libopenal.so
7a179000-7a17a000 rw-p 0004f000 08:05 577        /home/aivalis/Libraries/Java/lwjgl-2.9.0/native/linux/libopenal.so
7a17a000-7a600000 rw-p 00000000 00:00 0 
7a600000-7a6ff000 rw-p 00000000 00:00 0 
7a6ff000-7a700000 ---p 00000000 00:00 0 
7a702000-7a707000 r-xp 00000000 08:05 398030     /usr/lib/i386-linux-gnu/libasyncns.so.0.3.1
7a707000-7a708000 r--p 00004000 08:05 398030     /usr/lib/i386-linux-gnu/libasyncns.so.0.3.1
7a708000-7a709000 rw-p 00005000 08:05 398030     /usr/lib/i386-linux-gnu/libasyncns.so.0.3.1
7a709000-7a711000 r-xp 00000000 08:05 2491190    /lib/i386-linux-gnu/libwrap.so.0.7.6
7a711000-7a712000 r--p 00007000 08:05 2491190    /lib/i386-linux-gnu/libwrap.so.0.7.6
7a712000-7a713000 rw-p 00008000 08:05 2491190    /lib/i386-linux-gnu/libwrap.so.0.7.6
7a713000-7a71b000 r-xp 00000000 08:05 2491115    /lib/i386-linux-gnu/libjson.so.0.1.0
7a71b000-7a71c000 r--p 00007000 08:05 2491115    /lib/i386-linux-gnu/libjson.so.0.1.0
7a71c000-7a71d000 rw-p 00008000 08:05 2491115    /lib/i386-linux-gnu/libjson.so.0.1.0
7a72e000-7a735000 r--s 00000000 08:05 408452     /usr/lib/i386-linux-gnu/gconv/gconv-modules.cache
7a735000-7a755000 rw-s 18d692000 00:05 8441      /dev/dri/card0
7a755000-7a765000 rw-s 18d662000 00:05 8441      /dev/dri/card0
7a765000-7a775000 rw-s 15dbf2000 00:05 8441      /dev/dri/card0
7a775000-7a795000 rw-s 15db6a000 00:05 8441      /dev/dri/card0
7a795000-7a7b5000 rw-s 15db1a000 00:05 8441      /dev/dri/card0
7a7b5000-7a7d5000 rw-s 15dada000 00:05 8441      /dev/dri/card0
7a7d5000-7a82c000 rw-p 00000000 00:00 0 
7a830000-7a840000 rw-s 15dbba000 00:05 8441      /dev/dri/card0
7a840000-7a860000 rw-s 15da9a000 00:05 8441      /dev/dri/card0
7a860000-7a880000 rw-s 15da5a000 00:05 8441      /dev/dri/card0
7a880000-7a8c0000 rw-s 18d612000 00:05 8441      /dev/dri/card0
7a8c0000-7a940000 rw-s 1a0639000 00:05 8441      /dev/dri/card0
7a940000-7a972000 r-xp 00000000 08:05 398595     /usr/lib/i386-linux-gnu/libtxc_dxtn_s2tc.so.0.0.0
7a972000-7a973000 r--p 00031000 08:05 398595     /usr/lib/i386-linux-gnu/libtxc_dxtn_s2tc.so.0.0.0
7a973000-7a974000 rw-p 00032000 08:05 398595     /usr/lib/i386-linux-gnu/libtxc_dxtn_s2tc.so.0.0.0
7a974000-7be21000 r-xp 00000000 08:05 397188     /usr/lib/i386-linux-gnu/libLLVM-3.2.so.1
7be21000-7bece000 r--p 014ad000 08:05 397188     /usr/lib/i386-linux-gnu/libLLVM-3.2.so.1
7bece000-7bed1000 rw-p 0155a000 08:05 397188     /usr/lib/i386-linux-gnu/libLLVM-3.2.so.1
7bed1000-7bedb000 rw-p 00000000 00:00 0 
7bedb000-7bef6000 r-xp 00000000 08:05 2491055    /lib/i386-linux-gnu/libgcc_s.so.1
7bef6000-7bef7000 r--p 0001a000 08:05 2491055    /lib/i386-linux-gnu/libgcc_s.so.1
7bef7000-7bef8000 rw-p 0001b000 08:05 2491055    /lib/i386-linux-gnu/libgcc_s.so.1
7bef8000-7bfd4000 r-xp 00000000 08:05 393567     /usr/lib/i386-linux-gnu/libstdc++.so.6.0.17
7bfd4000-7bfd5000 ---p 000dc000 08:05 393567     /usr/lib/i386-linux-gnu/libstdc++.so.6.0.17
7bfd5000-7bfd9000 r--p 000dc000 08:05 393567     /usr/lib/i386-linux-gnu/libstdc++.so.6.0.17
7bfd9000-7bfda000 rw-p 000e0000 08:05 393567     /usr/lib/i386-linux-gnu/libstdc++.so.6.0.17
7bfda000-7bfe1000 rw-p 00000000 00:00 0 
7bfe1000-7c006000 r-xp 00000000 08:05 2491073    /lib/i386-linux-gnu/libexpat.so.1.6.0
7c006000-7c008000 r--p 00025000 08:05 2491073    /lib/i386-linux-gnu/libexpat.so.1.6.0
7c008000-7c009000 rw-p 00027000 08:05 2491073    /lib/i386-linux-gnu/libexpat.so.1.6.0
7c009000-7c21b000 r-xp 00000000 08:05 401374     /usr/lib/i386-linux-gnu/libgallium.so.0.0.0
7c21b000-7c224000 r--p 00211000 08:05 401374     /usr/lib/i386-linux-gnu/libgallium.so.0.0.0
7c224000-7c226000 rw-p 0021a000 08:05 401374     /usr/lib/i386-linux-gnu/libgallium.so.0.0.0
7c226000-7c3ee000 rw-p 00000000 00:00 0 
7c3ee000-7c78b000 r-xp 00000000 08:05 401375     /usr/lib/i386-linux-gnu/libdricore9.1.1.so.1.0.0
7c78b000-7c794000 r--p 0039c000 08:05 401375     /usr/lib/i386-linux-gnu/libdricore9.1.1.so.1.0.0
7c794000-7c79b000 rw-p 003a5000 08:05 401375     /usr/lib/i386-linux-gnu/libdricore9.1.1.so.1.0.0
7c79b000-7c7b0000 rw-p 00000000 00:00 0 
7c7b0000-7c7c0000 rw-s 15db9a000 00:05 8441      /dev/dri/card0
7c7c0000-7c7c8000 rw-s 15db42000 00:05 8441      /dev/dri/card0
7c7c8000-7c8fa000 r-xp 00000000 08:05 401367     /usr/lib/i386-linux-gnu/dri/nouveau_dri.so
7c8fa000-7c8fc000 r--p 00131000 08:05 401367     /usr/lib/i386-linux-gnu/dri/nouveau_dri.so
7c8fc000-7c8fe000 rw-p 00133000 08:05 401367     /usr/lib/i386-linux-gnu/dri/nouveau_dri.so
7c8fe000-7c900000 rw-p 00000000 00:00 0 
7c900000-7c9fd000 rw-p 00000000 00:00 0 
7c9fd000-7ca00000 ---p 00000000 00:00 0 
7ca00000-7ca05000 r-xp 00000000 08:05 393604     /usr/lib/i386-linux-gnu/libffi.so.6.0.1
7ca05000-7ca06000 r--p 00005000 08:05 393604     /usr/lib/i386-linux-gnu/libffi.so.6.0.1
7ca06000-7ca07000 rw-p 00006000 08:05 393604     /usr/lib/i386-linux-gnu/libffi.so.6.0.1
7ca07000-7ca1b000 r-xp 00000000 08:05 1723623    /usr/lib/jvm/java-7-oracle/jre/lib/i386/libnet.so
7ca1b000-7ca1c000 rw-p 00014000 08:05 1723623    /usr/lib/jvm/java-7-oracle/jre/lib/i386/libnet.so
7ca1c000-7ca27000 r-xp 00000000 08:05 397191     /usr/lib/i386-linux-gnu/libdrm.so.2.4.0
7ca27000-7ca28000 r--p 0000a000 08:05 397191     /usr/lib/i386-linux-gnu/libdrm.so.2.4.0
7ca28000-7ca29000 rw-p 0000b000 08:05 397191     /usr/lib/i386-linux-gnu/libdrm.so.2.4.0
7ca29000-7ca2c000 r-xp 00000000 08:05 397954     /usr/lib/i386-linux-gnu/libxcb-dri2.so.0.0.0
7ca2c000-7ca2d000 r--p 00003000 08:05 397954     /usr/lib/i386-linux-gnu/libxcb-dri2.so.0.0.0
7ca2d000-7ca2e000 rw-p 00004000 08:05 397954     /usr/lib/i386-linux-gnu/libxcb-dri2.so.0.0.0
7ca2e000-7ca44000 r-xp 00000000 08:05 398701     /usr/lib/i386-linux-gnu/libxcb-glx.so.0.0.0
7ca44000-7ca45000 r--p 00016000 08:05 398701     /usr/lib/i386-linux-gnu/libxcb-glx.so.0.0.0
7ca45000-7ca46000 rw-p 00017000 08:05 398701     /usr/lib/i386-linux-gnu/libxcb-glx.so.0.0.0
7ca46000-7ca55000 r-xp 00000000 08:05 397186     /usr/lib/i386-linux-gnu/libglapi.so.0.0.0
7ca55000-7ca56000 ---p 0000f000 08:05 397186     /usr/lib/i386-linux-gnu/libglapi.so.0.0.0
7ca56000-7ca58000 r--p 0000f000 08:05 397186     /usr/lib/i386-linux-gnu/libglapi.so.0.0.0
7ca58000-7ca5d000 rwxp 00011000 08:05 397186     /usr/lib/i386-linux-gnu/libglapi.so.0.0.0
7ca5d000-7cab0000 r-xp 00000000 08:05 397176     /usr/lib/i386-linux-gnu/mesa/libGL.so.1.2.0
7cab0000-7cab2000 r--p 00052000 08:05 397176     /usr/lib/i386-linux-gnu/mesa/libGL.so.1.2.0
7cab2000-7cab6000 rwxp 00054000 08:05 397176     /usr/lib/i386-linux-gnu/mesa/libGL.so.1.2.0
7cab6000-7cab7000 rwxp 00000000 00:00 0 
7cab8000-7cabe000 r-xp 00000000 08:05 398146     /usr/lib/i386-linux-gnu/libdrm_nouveau.so.2.0.0
7cabe000-7cabf000 r--p 00005000 08:05 398146     /usr/lib/i386-linux-gnu/libdrm_nouveau.so.2.0.0
7cabf000-7cac0000 rw-p 00006000 08:05 398146     /usr/lib/i386-linux-gnu/libdrm_nouveau.so.2.0.0
7cac0000-7cace000 r-xp 00000000 08:05 1723576    /usr/lib/jvm/java-7-oracle/jre/lib/i386/libnio.so
7cace000-7cacf000 rw-p 0000e000 08:05 1723576    /usr/lib/jvm/java-7-oracle/jre/lib/i386/libnio.so
7cacf000-7cb29000 r-xp 00000000 08:05 575        /home/aivalis/Libraries/Java/lwjgl-2.9.0/native/linux/liblwjgl.so
7cb29000-7cb2a000 r--p 0005a000 08:05 575        /home/aivalis/Libraries/Java/lwjgl-2.9.0/native/linux/liblwjgl.so
7cb2a000-7cb2b000 rw-p 0005b000 08:05 575        /home/aivalis/Libraries/Java/lwjgl-2.9.0/native/linux/liblwjgl.so
7cb2b000-7cb2e000 ---p 00000000 00:00 0 
7cb2e000-7cb7c000 rw-p 00000000 00:00 0          [stack:14821]
7cb7c000-7cb7f000 ---p 00000000 00:00 0 
7cb7f000-7cbcd000 rw-p 00000000 00:00 0          [stack:14820]
7cbcd000-7ccff000 r-xp 00000000 08:05 394644     /usr/lib/i386-linux-gnu/libX11.so.6.3.0
7ccff000-7cd00000 r--p 00132000 08:05 394644     /usr/lib/i386-linux-gnu/libX11.so.6.3.0
7cd00000-7cd03000 rw-p 00133000 08:05 394644     /usr/lib/i386-linux-gnu/libX11.so.6.3.0
7cd03000-7cd4c000 r-xp 00000000 08:05 1973738    /usr/lib/jvm/java-7-oracle/jre/lib/i386/xawt/libmawt.so
7cd4c000-7cd4f000 rw-p 00048000 08:05 1973738    /usr/lib/jvm/java-7-oracle/jre/lib/i386/xawt/libmawt.so
7cd4f000-7cdd5000 r-xp 00000000 08:05 1723624    /usr/lib/jvm/java-7-oracle/jre/lib/i386/libawt.so
7cdd5000-7cddc000 rw-p 00086000 08:05 1723624    /usr/lib/jvm/java-7-oracle/jre/lib/i386/libawt.so
7cddc000-7ce00000 rw-p 00000000 00:00 0 
7ce00000-7ceff000 rw-p 00000000 00:00 0 
7ceff000-7cf00000 ---p 00000000 00:00 0 
7cf01000-7cf05000 r-xp 00000000 08:05 398004     /usr/lib/i386-linux-gnu/libXxf86vm.so.1.0.0
7cf05000-7cf06000 r--p 00003000 08:05 398004     /usr/lib/i386-linux-gnu/libXxf86vm.so.1.0.0
7cf06000-7cf07000 rw-p 00004000 08:05 398004     /usr/lib/i386-linux-gnu/libXxf86vm.so.1.0.0
7cf07000-7cf10000 r-xp 00000000 08:05 397979     /usr/lib/i386-linux-gnu/libXrandr.so.2.2.0
7cf10000-7cf11000 r--p 00008000 08:05 397979     /usr/lib/i386-linux-gnu/libXrandr.so.2.2.0
7cf11000-7cf12000 rw-p 00009000 08:05 397979     /usr/lib/i386-linux-gnu/libXrandr.so.2.2.0
7cf12000-7cf17000 r-xp 00000000 08:05 397976     /usr/lib/i386-linux-gnu/libXfixes.so.3.1.0
7cf17000-7cf18000 r--p 00004000 08:05 397976     /usr/lib/i386-linux-gnu/libXfixes.so.3.1.0
7cf18000-7cf19000 rw-p 00005000 08:05 397976     /usr/lib/i386-linux-gnu/libXfixes.so.3.1.0
7cf19000-7cf22000 r-xp 00000000 08:05 397968     /usr/lib/i386-linux-gnu/libXcursor.so.1.0.2
7cf22000-7cf23000 r--p 00008000 08:05 397968     /usr/lib/i386-linux-gnu/libXcursor.so.1.0.2
7cf23000-7cf24000 rw-p 00009000 08:05 397968     /usr/lib/i386-linux-gnu/libXcursor.so.1.0.2
7cf24000-7cf44000 r-xp 00000000 08:05 393598     /usr/lib/i386-linux-gnu/libxcb.so.1.1.0
7cf44000-7cf45000 r--p 0001f000 08:05 393598     /usr/lib/i386-linux-gnu/libxcb.so.1.1.0
7cf45000-7cf46000 rw-p 00020000 08:05 393598     /usr/lib/i386-linux-gnu/libxcb.so.1.1.0
7cf46000-7cf47000 ---p 00000000 00:00 0 
7cf47000-7cfc7000 rw-p 00000000 00:00 0          [stack:14819]
7cfc7000-7cfca000 ---p 00000000 00:00 0 
7cfca000-7d018000 rw-p 00000000 00:00 0          [stack:14818]
7d018000-7d01b000 ---p 00000000 00:00 0 
7d01b000-7d099000 rw-p 00000000 00:00 0          [stack:14817]
7d099000-7d09c000 ---p 00000000 00:00 0 
7d09c000-7d11a000 rw-p 00000000 00:00 0          [stack:14816]
7d11a000-7d11d000 ---p 00000000 00:00 0 
7d11d000-7d16b000 rw-p 00000000 00:00 0          [stack:14813]
7d16b000-7d16e000 ---p 00000000 00:00 0 
7d16e000-7d1bc000 rw-p 00000000 00:00 0          [stack:14812]
7d1bc000-7d1bf000 ---p 00000000 00:00 0 
7d1bf000-7d20d000 rw-p 00000000 00:00 0          [stack:14809]
7d20d000-7d210000 ---p 00000000 00:00 0 
7d210000-7d25e000 rw-p 00000000 00:00 0          [stack:14808]
7d25e000-7d261000 ---p 00000000 00:00 0 
7d261000-7d2af000 rw-p 00000000 00:00 0          [stack:14807]
7d2af000-7d2b2000 ---p 00000000 00:00 0 
7d2b2000-7d300000 rw-p 00000000 00:00 0          [stack:14806]
7d300000-7d3ff000 rw-p 00000000 00:00 0 
7d3ff000-7d400000 ---p 00000000 00:00 0 
7d400000-7d404000 rw-s 15dbce000 00:05 8441      /dev/dri/card0
7d404000-7d409000 r-xp 00000000 08:05 397972     /usr/lib/i386-linux-gnu/libXdmcp.so.6.0.0
7d409000-7d40a000 r--p 00004000 08:05 397972     /usr/lib/i386-linux-gnu/libXdmcp.so.6.0.0
7d40a000-7d40b000 rw-p 00005000 08:05 397972     /usr/lib/i386-linux-gnu/libXdmcp.so.6.0.0
7d40b000-7d40c000 ---p 00000000 00:00 0 
7d40c000-7d48c000 rw-p 00000000 00:00 0          [stack:14803]
7d48c000-7d649000 r--s 039de000 08:05 1723554    /usr/lib/jvm/java-7-oracle/jre/lib/rt.jar
7d649000-7f800000 rw-p 00000000 00:00 0 
7f800000-7f821000 rw-p 00000000 00:00 0 
7f821000-7f900000 ---p 00000000 00:00 0 
7f901000-7f90f000 r-xp 00000000 08:05 398095     /usr/lib/i386-linux-gnu/libXi.so.6.1.0
7f90f000-7f910000 r--p 0000d000 08:05 398095     /usr/lib/i386-linux-gnu/libXi.so.6.1.0
7f910000-7f911000 rw-p 0000e000 08:05 398095     /usr/lib/i386-linux-gnu/libXi.so.6.1.0
7f911000-7f916000 r-xp 00000000 08:05 397998     /usr/lib/i386-linux-gnu/libXtst.so.6.1.0
7f916000-7f917000 r--p 00004000 08:05 397998     /usr/lib/i386-linux-gnu/libXtst.so.6.1.0
7f917000-7f918000 rw-p 00005000 08:05 397998     /usr/lib/i386-linux-gnu/libXtst.so.6.1.0
7f918000-7f920000 r-xp 00000000 08:05 397994     /usr/lib/i386-linux-gnu/libXrender.so.1.3.0
7f920000-7f921000 r--p 00007000 08:05 397994     /usr/lib/i386-linux-gnu/libXrender.so.1.3.0
7f921000-7f922000 rw-p 00008000 08:05 397994     /usr/lib/i386-linux-gnu/libXrender.so.1.3.0
7f922000-7f932000 r-xp 00000000 08:05 397974     /usr/lib/i386-linux-gnu/libXext.so.6.4.0
7f932000-7f933000 r--p 0000f000 08:05 397974     /usr/lib/i386-linux-gnu/libXext.so.6.4.0
7f933000-7f934000 rw-p 00010000 08:05 397974     /usr/lib/i386-linux-gnu/libXext.so.6.4.0
7f934000-7f97f000 rw-p 00000000 00:00 0 
7f97f000-7f980000 ---p 00000000 00:00 0 
7f980000-7fa00000 rw-p 00000000 00:00 0          [stack:14802]
7fa00000-7fa21000 rw-p 00000000 00:00 0 
7fa21000-7fb00000 ---p 00000000 00:00 0 
7fb01000-7fb02000 r-xp 00000000 08:05 398152     /usr/lib/i386-linux-gnu/libX11-xcb.so.1.0.0
7fb02000-7fb03000 r--p 00000000 08:05 398152     /usr/lib/i386-linux-gnu/libX11-xcb.so.1.0.0
7fb03000-7fb04000 rw-p 00001000 08:05 398152     /usr/lib/i386-linux-gnu/libX11-xcb.so.1.0.0
7fb04000-7fb06000 r-xp 00000000 08:05 397970     /usr/lib/i386-linux-gnu/libXdamage.so.1.1.0
7fb06000-7fb07000 r--p 00001000 08:05 397970     /usr/lib/i386-linux-gnu/libXdamage.so.1.1.0
7fb07000-7fb08000 rw-p 00002000 08:05 397970     /usr/lib/i386-linux-gnu/libXdamage.so.1.1.0
7fb08000-7fb0b000 ---p 00000000 00:00 0 
7fb0b000-7fb19000 rw-p 00000000 00:00 0          [stack:14823]
7fb19000-7fb26000 r--s 000e6000 08:05 568        /home/aivalis/Libraries/Java/lwjgl-2.9.0/jar/lwjgl.jar
7fb26000-7fb27000 ---p 00000000 00:00 0 
7fb27000-7fbb7000 rw-p 00000000 00:00 0          [stack:14801]
7fbb7000-7fca4000 rw-p 00000000 00:00 0 
7fca4000-7fcac000 rw-p 00000000 00:00 0 
7fcac000-7fcc4000 rw-p 00000000 00:00 0 
7fcc4000-7fcd4000 rw-p 00000000 00:00 0 
7fcd4000-7fdc0000 rw-p 00000000 00:00 0 
7fdc0000-7fdc9000 rw-p 00000000 00:00 0 
7fdc9000-7fe3f000 rw-p 00000000 00:00 0 
7fe3f000-80e40000 rw-p 00000000 00:00 0 
80e40000-83e40000 rw-p 00000000 00:00 0 
83e40000-85de0000 rw-p 00000000 00:00 0 
85de0000-a37a0000 rw-p 00000000 00:00 0 
a37a0000-a4760000 rw-p 00000000 00:00 0 
a4760000-b3440000 rw-p 00000000 00:00 0 
b3440000-b3449000 rw-p 00000000 00:00 0 
b3449000-b3500000 rw-p 00000000 00:00 0 
b3500000-b3740000 rwxp 00000000 00:00 0 
b3740000-b6500000 rw-p 00000000 00:00 0 
b6500000-b6700000 r--p 00000000 08:05 393345     /usr/lib/locale/locale-archive
b6700000-b67f9000 rw-p 00000000 00:00 0 
b67f9000-b6800000 ---p 00000000 00:00 0 
b6800000-b6801000 rwxp 00000000 00:00 0 
b6801000-b6809000 rw-p 00000000 00:00 0 
b6809000-b6821000 rw-p 00000000 00:00 0 
b6821000-b6838000 r-xp 00000000 08:05 1723604    /usr/lib/jvm/java-7-oracle/jre/lib/i386/libzip.so
b6838000-b6839000 rw-p 00017000 08:05 1723604    /usr/lib/jvm/java-7-oracle/jre/lib/i386/libzip.so
b6839000-b6844000 r-xp 00000000 08:05 2491247    /lib/i386-linux-gnu/libnss_files-2.17.so
b6844000-b6845000 r--p 0000a000 08:05 2491247    /lib/i386-linux-gnu/libnss_files-2.17.so
b6845000-b6846000 rw-p 0000b000 08:05 2491247    /lib/i386-linux-gnu/libnss_files-2.17.so
b6846000-b6850000 r-xp 00000000 08:05 2502575    /lib/i386-linux-gnu/libnss_nis-2.17.so
b6850000-b6851000 r--p 00009000 08:05 2502575    /lib/i386-linux-gnu/libnss_nis-2.17.so
b6851000-b6852000 rw-p 0000a000 08:05 2502575    /lib/i386-linux-gnu/libnss_nis-2.17.so
b6852000-b6867000 r-xp 00000000 08:05 2502584    /lib/i386-linux-gnu/libnsl-2.17.so
b6867000-b6868000 r--p 00014000 08:05 2502584    /lib/i386-linux-gnu/libnsl-2.17.so
b6868000-b6869000 rw-p 00015000 08:05 2502584    /lib/i386-linux-gnu/libnsl-2.17.so
b6869000-b686b000 rw-p 00000000 00:00 0 
b686b000-b6872000 r-xp 00000000 08:05 2491245    /lib/i386-linux-gnu/libnss_compat-2.17.so
b6872000-b6873000 r--p 00006000 08:05 2491245    /lib/i386-linux-gnu/libnss_compat-2.17.so
b6873000-b6874000 rw-p 00007000 08:05 2491245    /lib/i386-linux-gnu/libnss_compat-2.17.so
b6874000-b6875000 rw-s 1a0839000 00:05 8441      /dev/dri/card0
b6875000-b6877000 r-xp 00000000 08:05 397961     /usr/lib/i386-linux-gnu/libXau.so.6.0.0
b6877000-b6878000 r--p 00001000 08:05 397961     /usr/lib/i386-linux-gnu/libXau.so.6.0.0
b6878000-b6879000 rw-p 00002000 08:05 397961     /usr/lib/i386-linux-gnu/libXau.so.6.0.0
b6879000-b6884000 r--s 000af000 08:05 3939463    /home/aivalis/Libraries/Java/slick.jar
b6884000-b688c000 rw-s 00000000 08:05 1449555    /tmp/hsperfdata_aivalis/14795
b688c000-b68c3000 r-xp 00000000 08:05 1723588    /usr/lib/jvm/java-7-oracle/jre/lib/i386/libjdwp.so
b68c3000-b68c4000 rw-p 00037000 08:05 1723588    /usr/lib/jvm/java-7-oracle/jre/lib/i386/libjdwp.so
b68c4000-b68e7000 r-xp 00000000 08:05 1723592    /usr/lib/jvm/java-7-oracle/jre/lib/i386/libjava.so
b68e7000-b68e8000 rw-p 00023000 08:05 1723592    /usr/lib/jvm/java-7-oracle/jre/lib/i386/libjava.so
b68e8000-b68ef000 r-xp 00000000 08:05 2490473    /lib/i386-linux-gnu/librt-2.17.so
b68ef000-b68f0000 r--p 00006000 08:05 2490473    /lib/i386-linux-gnu/librt-2.17.so
b68f0000-b68f1000 rw-p 00007000 08:05 2490473    /lib/i386-linux-gnu/librt-2.17.so
b68f1000-b68f4000 ---p 00000000 00:00 0 
b68f4000-b6942000 rw-p 00000000 00:00 0          [stack:14800]
b6942000-b6983000 r-xp 00000000 08:05 2491246    /lib/i386-linux-gnu/libm-2.17.so
b6983000-b6984000 r--p 00040000 08:05 2491246    /lib/i386-linux-gnu/libm-2.17.so
b6984000-b6985000 rw-p 00041000 08:05 2491246    /lib/i386-linux-gnu/libm-2.17.so
b6985000-b7140000 r-xp 00000000 08:05 1841367    /usr/lib/jvm/java-7-oracle/jre/lib/i386/server/libjvm.so
b7140000-b7192000 rw-p 007bb000 08:05 1841367    /usr/lib/jvm/java-7-oracle/jre/lib/i386/server/libjvm.so
b7192000-b75b5000 rw-p 00000000 00:00 0 
b75b5000-b7762000 r-xp 00000000 08:05 2502570    /lib/i386-linux-gnu/libc-2.17.so
b7762000-b7764000 r--p 001ad000 08:05 2502570    /lib/i386-linux-gnu/libc-2.17.so
b7764000-b7765000 rw-p 001af000 08:05 2502570    /lib/i386-linux-gnu/libc-2.17.so
b7765000-b7768000 rw-p 00000000 00:00 0 
b7768000-b776b000 r-xp 00000000 08:05 2502579    /lib/i386-linux-gnu/libdl-2.17.so
b776b000-b776c000 r--p 00002000 08:05 2502579    /lib/i386-linux-gnu/libdl-2.17.so
b776c000-b776d000 rw-p 00003000 08:05 2502579    /lib/i386-linux-gnu/libdl-2.17.so
b776d000-b7780000 r-xp 00000000 08:05 1723573    /usr/lib/jvm/java-7-oracle/jre/lib/i386/jli/libjli.so
b7780000-b7781000 rw-p 00012000 08:05 1723573    /usr/lib/jvm/java-7-oracle/jre/lib/i386/jli/libjli.so
b7781000-b7782000 rw-p 00000000 00:00 0 
b7782000-b7799000 r-xp 00000000 08:05 2502574    /lib/i386-linux-gnu/libpthread-2.17.so
b7799000-b779a000 r--p 00016000 08:05 2502574    /lib/i386-linux-gnu/libpthread-2.17.so
b779a000-b779b000 rw-p 00017000 08:05 2502574    /lib/i386-linux-gnu/libpthread-2.17.so
b779b000-b779d000 rw-p 00000000 00:00 0 
b779d000-b779e000 r-xp 00000000 08:05 1723571    /usr/lib/jvm/java-7-oracle/jre/lib/i386/libjawt.so
b779e000-b779f000 rw-p 00000000 08:05 1723571    /usr/lib/jvm/java-7-oracle/jre/lib/i386/libjawt.so
b779f000-b77a2000 r-xp 00000000 08:05 1723625    /usr/lib/jvm/java-7-oracle/jre/lib/i386/libdt_socket.so
b77a2000-b77a3000 rw-p 00003000 08:05 1723625    /usr/lib/jvm/java-7-oracle/jre/lib/i386/libdt_socket.so
b77a3000-b77a4000 r--p 002c5000 08:05 393345     /usr/lib/locale/locale-archive
b77a4000-b77a6000 r-xp 00000000 08:05 1723606    /usr/lib/jvm/java-7-oracle/jre/lib/i386/libnpt.so
b77a6000-b77a7000 rw-p 00002000 08:05 1723606    /usr/lib/jvm/java-7-oracle/jre/lib/i386/libnpt.so
b77a7000-b77a8000 rw-p 00000000 00:00 0 
b77a8000-b77a9000 r--p 00000000 00:00 0 
b77a9000-b77b4000 r-xp 00000000 08:05 1723609    /usr/lib/jvm/java-7-oracle/jre/lib/i386/libverify.so
b77b4000-b77b5000 rw-p 0000b000 08:05 1723609    /usr/lib/jvm/java-7-oracle/jre/lib/i386/libverify.so
b77b5000-b77b7000 rw-p 00000000 00:00 0 
b77b7000-b77b8000 r-xp 00000000 00:00 0          [vdso]
b77b8000-b77d8000 r-xp 00000000 08:05 2502583    /lib/i386-linux-gnu/ld-2.17.so
b77d8000-b77d9000 r--p 0001f000 08:05 2502583    /lib/i386-linux-gnu/ld-2.17.so
b77d9000-b77da000 rw-p 00020000 08:05 2502583    /lib/i386-linux-gnu/ld-2.17.so
bfc7a000-bfc9b000 rw-p 00000000 00:00 0          [stack]

VM Arguments:
jvm_args: -Xdebug -Xrunjdwp:transport=dt_socket,address=localhost:45915 -Dfile.encoding=UTF-8 -Djava.library.path=/home/aivalis/Libraries/Java/lwjgl-2.9.0/native/linux 
java_command: jbomber.Main
Launcher Type: SUN_STANDARD

Environment Variables:
PATH=/usr/lib/lightdm/lightdm:/usr/local/sbin:/usr/local/bin:/usr/sbin:/usr/bin:/sbin:/bin:/usr/games:/usr/local/games
LD_LIBRARY_PATH=/usr/lib/jvm/java-7-oracle/jre/lib/amd64:/usr/lib/jvm/java-7-oracle/jre/lib/i386:
SHELL=/bin/bash
DISPLAY=:0.0

Signal Handlers:
SIGSEGV: [libjvm.so+0x722ea0], sa_mask[0]=0x7ffbfeff, sa_flags=0x10000004
SIGBUS: [libjvm.so+0x722ea0], sa_mask[0]=0x7ffbfeff, sa_flags=0x10000004
SIGFPE: [libjvm.so+0x5dbc80], sa_mask[0]=0x7ffbfeff, sa_flags=0x10000004
SIGPIPE: [libjvm.so+0x5dbc80], sa_mask[0]=0x7ffbfeff, sa_flags=0x10000004
SIGXFSZ: [libjvm.so+0x5dbc80], sa_mask[0]=0x7ffbfeff, sa_flags=0x10000004
SIGILL: [libjvm.so+0x5dbc80], sa_mask[0]=0x7ffbfeff, sa_flags=0x10000004
SIGUSR1: SIG_DFL, sa_mask[0]=0x00000000, sa_flags=0x00000000
SIGUSR2: [libjvm.so+0x5db560], sa_mask[0]=0x00000004, sa_flags=0x10000004
SIGHUP: [libjvm.so+0x5ddb50], sa_mask[0]=0x7ffbfeff, sa_flags=0x10000004
SIGINT: SIG_IGN, sa_mask[0]=0x00000000, sa_flags=0x00000000
SIGTERM: [libjvm.so+0x5ddb50], sa_mask[0]=0x7ffbfeff, sa_flags=0x10000004
SIGQUIT: [libjvm.so+0x5ddb50], sa_mask[0]=0x7ffbfeff, sa_flags=0x10000004


---------------  S Y S T E M  ---------------

OS:wheezy/sid

uname:Linux 3.8.0-21-generic #32-Ubuntu SMP Tue May 14 22:17:37 UTC 2013 i686
libc:glibc 2.17 NPTL 2.17 
rlimit: STACK 8192k, CORE 0k, NPROC 24096, NOFILE 4096, AS infinity
load average:1.28 1.63 1.68

/proc/meminfo:
MemTotal:        3100816 kB
MemFree:          170464 kB
Buffers:          386844 kB
Cached:           461604 kB
SwapCached:        22484 kB
Active:          1493224 kB
Inactive:        1061064 kB
Active(anon):    1206344 kB
Inactive(anon):   531784 kB
Active(file):     286880 kB
Inactive(file):   529280 kB
Unevictable:          96 kB
Mlocked:              96 kB
HighTotal:       2229864 kB
HighFree:          27872 kB
LowTotal:         870952 kB
LowFree:          142592 kB
SwapTotal:       2928636 kB
SwapFree:        2796864 kB
Dirty:               148 kB
Writeback:             0 kB
AnonPages:       1687708 kB
Mapped:           147160 kB
Shmem:             32196 kB
Slab:              69644 kB
SReclaimable:      38192 kB
SUnreclaim:        31452 kB
KernelStack:        5528 kB
PageTables:        19632 kB
NFS_Unstable:          0 kB
Bounce:                0 kB
WritebackTmp:          0 kB
CommitLimit:     4479044 kB
Committed_AS:    7413420 kB
VmallocTotal:     122880 kB
VmallocUsed:       61756 kB
VmallocChunk:      26180 kB
HardwareCorrupted:     0 kB
AnonHugePages:         0 kB
HugePages_Total:       0
HugePages_Free:        0
HugePages_Rsvd:        0
HugePages_Surp:        0
Hugepagesize:       2048 kB
DirectMap4k:      239608 kB
DirectMap2M:      673792 kB


CPU:total 2 (2 cores per cpu, 1 threads per core) family 6 model 23 stepping 6, cmov, cx8, fxsr, mmx, sse, sse2, sse3, ssse3, sse4.1, tsc

/proc/cpuinfo:
processor	: 0
vendor_id	: GenuineIntel
cpu family	: 6
model		: 23
model name	: Intel(R) Core(TM)2 Duo CPU     P8600  @ 2.40GHz
stepping	: 6
microcode	: 0x60c
cpu MHz		: 2401.000
cache size	: 3072 KB
physical id	: 0
siblings	: 2
core id		: 0
cpu cores	: 2
apicid		: 0
initial apicid	: 0
fdiv_bug	: no
hlt_bug		: no
f00f_bug	: no
coma_bug	: no
fpu		: yes
fpu_exception	: yes
cpuid level	: 10
wp		: yes
flags		: fpu vme de pse tsc msr pae mce cx8 apic sep mtrr pge mca cmov pat pse36 clflush dts acpi mmx fxsr sse sse2 ss ht tm pbe nx lm constant_tsc arch_perfmon pebs bts aperfmperf pni dtes64 monitor ds_cpl vmx smx est tm2 ssse3 cx16 xtpr pdcm sse4_1 lahf_lm dtherm tpr_shadow vnmi flexpriority
bogomips	: 4788.88
clflush size	: 64
cache_alignment	: 64
address sizes	: 36 bits physical, 48 bits virtual
power management:

processor	: 1
vendor_id	: GenuineIntel
cpu family	: 6
model		: 23
model name	: Intel(R) Core(TM)2 Duo CPU     P8600  @ 2.40GHz
stepping	: 6
microcode	: 0x60c
cpu MHz		: 2401.000
cache size	: 3072 KB
physical id	: 0
siblings	: 2
core id		: 1
cpu cores	: 2
apicid		: 1
initial apicid	: 1
fdiv_bug	: no
hlt_bug		: no
f00f_bug	: no
coma_bug	: no
fpu		: yes
fpu_exception	: yes
cpuid level	: 10
wp		: yes
flags		: fpu vme de pse tsc msr pae mce cx8 apic sep mtrr pge mca cmov pat pse36 clflush dts acpi mmx fxsr sse sse2 ss ht tm pbe nx lm constant_tsc arch_perfmon pebs bts aperfmperf pni dtes64 monitor ds_cpl vmx smx est tm2 ssse3 cx16 xtpr pdcm sse4_1 lahf_lm dtherm tpr_shadow vnmi flexpriority
bogomips	: 4788.88
clflush size	: 64
cache_alignment	: 64
address sizes	: 36 bits physical, 48 bits virtual
power management:



Memory: 4k page, physical 3100816k(170464k free), swap 2928636k(2796864k free)

vm_info: Java HotSpot(TM) Server VM (23.21-b01) for linux-x86 JRE (1.7.0_21-b11), built on Apr  4 2013 04:20:11 by "java_re" with gcc 4.3.0 20080428 (Red Hat 4.3.0-8)

time: Tue May 21 18:15:02 2013
elapsed time: 1 seconds

