#
# A fatal error has been detected by the Java Runtime Environment:
#
#  SIGSEGV (0xb) at pc=0x7a33aac2, pid=4698, tid=3062815552
#
# JRE version: 7.0_21-b11
# Java VM: Java HotSpot(TM) Server VM (23.21-b01 mixed mode linux-x86 )
# Problematic frame:
# C  [libopenal.so+0x1bac2]  alcCreateContext+0xd2
#
# Failed to write core dump. Core dumps have been disabled. To enable core dumping, try "ulimit -c unlimited" before starting Java again
#
# If you would like to submit a bug report, please visit:
#   http://bugreport.sun.com/bugreport/crash.jsp
# The crash happened outside the Java Virtual Machine in native code.
# See problematic frame for where to report the bug.
#

---------------  T H R E A D  ---------------

Current thread (0xb6706400):  JavaThread "main" [_thread_in_native, id=4701, stack(0xb689d000,0xb68ee000)]

siginfo:si_signo=SIGSEGV: si_errno=0, si_code=1 (SEGV_MAPERR), si_addr=0x7a300004

Registers:
EAX=0x7a300004, EBX=0x7a36eff4, ECX=0x000000ff, EDX=0x00000001
ESP=0xb68ec970, EBP=0x7a2ffffc, ESI=0x78e00030, EDI=0x00000001
EIP=0x7a33aac2, EFLAGS=0x00210293, CR2=0x7a300004

Top of Stack: (sp=0xb68ec970)
0xb68ec970:   00000000 800d1a48 00000000 800cdf28
0xb68ec980:   00000000 b68ec998 b68ec9c8 b3703584
0xb68ec990:   00000000 b3708c59 b70a23c8 7d539bc8
0xb68ec9a0:   00000004 00000000 b68ec9a8 00014cd7
0xb68ec9b0:   00000000 0000000d b6706dbc b68ecab4
0xb68ec9c0:   b6b46cfe 000000ff b6f8d806 b68ec9dc
0xb68ec9d0:   b7129cac b68ecc84 b6704b60 b68eca1c
0xb68ec9e0:   b6d3aa21 b68eca08 00000004 0000ac44 

Instructions: (pc=0x7a33aac2)
0x7a33aaa2:   8d b6 00 00 00 00 8b 55 00 81 fa 11 10 00 00 74
0x7a33aab2:   3b 81 fa 03 00 02 00 75 07 8b 50 fc 89 54 24 78
0x7a33aac2:   8b 10 89 c5 83 c0 08 85 d2 74 3a 81 fa 07 10 00
0x7a33aad2:   00 75 d3 8b 50 fc 89 54 24 7c 83 8e cc 00 00 00 

Register to memory mapping:

EAX=0x7a300004 is an unknown value
EBX=0x7a36eff4: <offset 0x4fff4> in /home/aivalis/Libraries/Java/lwjgl-2.9.0/native/linux/libopenal.so at 0x7a31f000
ECX=0x000000ff is an unknown value
EDX=0x00000001 is an unknown value
ESP=0xb68ec970 is pointing into the stack for thread: 0xb6706400
EBP=0x7a2ffffc is an unknown value
ESI=0x78e00030 is an unknown value
EDI=0x00000001 is an unknown value


Stack: [0xb689d000,0xb68ee000],  sp=0xb68ec970,  free space=318k
Native frames: (J=compiled Java code, j=interpreted, Vv=VM code, C=native code)
C  [libopenal.so+0x1bac2]  alcCreateContext+0xd2

Java frames: (J=compiled Java code, j=interpreted, Vv=VM code)
j  org.lwjgl.openal.ALC10.nalcCreateContext(JJ)J+0
j  org.lwjgl.openal.ALC10.alcCreateContext(Lorg/lwjgl/openal/ALCdevice;Ljava/nio/IntBuffer;)Lorg/lwjgl/openal/ALCcontext;+8
j  org.lwjgl.openal.AL.init(Ljava/lang/String;IIZZ)V+69
j  org.lwjgl.openal.AL.create(Ljava/lang/String;IIZZ)V+227
j  org.lwjgl.openal.AL.create(Ljava/lang/String;IIZ)V+5
j  org.lwjgl.openal.AL.create()V+6
j  org.newdawn.slick.openal.SoundStore$1.run()Ljava/lang/Object;+0
v  ~StubRoutines::call_stub
j  java.security.AccessController.doPrivileged(Ljava/security/PrivilegedAction;)Ljava/lang/Object;+0
j  org.newdawn.slick.openal.SoundStore.init()V+26
j  org.newdawn.slick.Sound.<init>(Ljava/lang/String;)V+7
j  jbomber.Main.init(Lorg/newdawn/slick/GameContainer;)V+212
j  org.newdawn.slick.AppGameContainer.setup()V+170
j  org.newdawn.slick.AppGameContainer.start()V+1
j  jbomber.Main.main([Ljava/lang/String;)V+48
v  ~StubRoutines::call_stub

---------------  P R O C E S S  ---------------

Java Threads: ( => current thread )
  0x7cc84800 JavaThread "process reaper" daemon [_thread_blocked, id=4718, stack(0x7cb93000,0x7cba4000)]
  0x7cc83800 JavaThread "process reaper" daemon [_thread_blocked, id=4716, stack(0x7fb23000,0x7fb34000)]
  0x7cc73800 JavaThread "AWT-XAWT" daemon [_thread_in_native, id=4714, stack(0x7cd19000,0x7cd6a000)]
  0x7cc4e400 JavaThread "Java2D Disposer" daemon [_thread_blocked, id=4713, stack(0x7cd7c000,0x7cdcd000)]
  0x7d578c00 JavaThread "Service Thread" daemon [_thread_blocked, id=4711, stack(0x7d0ba000,0x7d10b000)]
  0x7d576c00 JavaThread "C2 CompilerThread1" daemon [_thread_blocked, id=4710, stack(0x7d10b000,0x7d18c000)]
  0x7d574c00 JavaThread "C2 CompilerThread0" daemon [_thread_in_native, id=4709, stack(0x7d18c000,0x7d20d000)]
  0x7d573400 JavaThread "Signal Dispatcher" daemon [_thread_blocked, id=4708, stack(0x7d20d000,0x7d25e000)]
  0x7d538400 JavaThread "Finalizer" daemon [_thread_blocked, id=4707, stack(0x7d45e000,0x7d4af000)]
  0x7d536800 JavaThread "Reference Handler" daemon [_thread_blocked, id=4706, stack(0x7d4af000,0x7d500000)]
=>0xb6706400 JavaThread "main" [_thread_in_native, id=4701, stack(0xb689d000,0xb68ee000)]

Other Threads:
  0x7d531000 VMThread [stack: 0x7d60b000,0x7d68c000] [id=4705]
  0x7d57a800 WatcherThread [stack: 0x7d039000,0x7d0ba000] [id=4712]

VM state:not at safepoint (normal execution)

VM Mutex/Monitor currently owned by a thread: None

Heap
 PSYoungGen      total 14144K, used 6931K [0xa39a0000, 0xa4960000, 0xb3640000)
  eden space 12160K, 57% used [0xa39a0000,0xa4064f60,0xa4580000)
  from space 1984K, 0% used [0xa4770000,0xa4770000,0xa4960000)
  to   space 1984K, 0% used [0xa4580000,0xa4580000,0xa4770000)
 ParOldGen       total 32384K, used 0K [0x84040000, 0x85fe0000, 0xa39a0000)
  object space 32384K, 0% used [0x84040000,0x84040000,0x85fe0000)
 PSPermGen       total 16384K, used 4988K [0x80040000, 0x81040000, 0x84040000)
  object space 16384K, 30% used [0x80040000,0x8051f1f8,0x81040000)

Card table byte_map: [0x7fea4000,0x80040000] byte_map_base: 0x7faa3e00

Polling page: 0xb7754000

Code Cache  [0xb3700000, 0xb3940000, 0xb6700000)
 total_blobs=293 nmethods=34 adapters=212 free_code_cache=48765Kb largest_free_block=49905920

Compilation events (10 events):
Event: 0.956 Thread 0x7d574c00 nmethod 25 0xb3761288 code [0xb37614c0, 0xb3761fa4]
Event: 0.956 Thread 0x7d574c00   30             java.nio.DirectByteBuffer::put (18 bytes)
Event: 0.957 Thread 0x7d574c00 nmethod 30 0xb37634c8 code [0xb37635c0, 0xb3763630]
Event: 0.957 Thread 0x7d574c00   32             java.nio.DirectByteBuffer::get (16 bytes)
Event: 0.972 Thread 0x7d574c00 nmethod 32 0xb37636c8 code [0xb37637c0, 0xb3763830]
Event: 0.972 Thread 0x7d574c00   33             org.newdawn.slick.opengl.PNGImageData::loadImage (757 bytes)
Event: 0.973 Thread 0x7d576c00 nmethod 29 0xb3762dc8 code [0xb3762f00, 0xb37631d0]
Event: 1.005 Thread 0x7d576c00   34             java.lang.Math::min (11 bytes)
Event: 1.006 Thread 0x7d576c00 nmethod 34 0xb375dbc8 code [0xb375dca0, 0xb375dcd0]
Event: 1.006 Thread 0x7d576c00   35             java.lang.String::startsWith (72 bytes)

GC Heap History (0 events):
No events

Deoptimization events (0 events):
No events

Internal exceptions (10 events):
Event: 0.981 Thread 0xb6706400 Threw 0xa401df70 at /HUDSON/workspace/jdk7u21-2-build-linux-i586-product/jdk7u21/hotspot/src/share/vm/prims/jvm.cpp:1166
Event: 0.981 Thread 0xb6706400 Threw 0xa401e940 at /HUDSON/workspace/jdk7u21-2-build-linux-i586-product/jdk7u21/hotspot/src/share/vm/prims/jvm.cpp:1166
Event: 0.981 Thread 0xb6706400 Threw 0xa401f860 at /HUDSON/workspace/jdk7u21-2-build-linux-i586-product/jdk7u21/hotspot/src/share/vm/prims/jni.cpp:742
Event: 0.981 Thread 0xb6706400 Threw 0xa401fea8 at /HUDSON/workspace/jdk7u21-2-build-linux-i586-product/jdk7u21/hotspot/src/share/vm/prims/jni.cpp:742
Event: 0.981 Thread 0xb6706400 Threw 0xa40203c8 at /HUDSON/workspace/jdk7u21-2-build-linux-i586-product/jdk7u21/hotspot/src/share/vm/prims/jni.cpp:742
Event: 0.982 Thread 0xb6706400 Threw 0xa4020b28 at /HUDSON/workspace/jdk7u21-2-build-linux-i586-product/jdk7u21/hotspot/src/share/vm/prims/jvm.cpp:1166
Event: 0.983 Thread 0xb6706400 Threw 0xa402b5a8 at /HUDSON/workspace/jdk7u21-2-build-linux-i586-product/jdk7u21/hotspot/src/share/vm/prims/jvm.cpp:1166
Event: 1.005 Thread 0xb6706400 Threw 0xa4030e60 at /HUDSON/workspace/jdk7u21-2-build-linux-i586-product/jdk7u21/hotspot/src/share/vm/prims/jvm.cpp:1166
Event: 1.006 Thread 0xb6706400 Threw 0xa4033b30 at /HUDSON/workspace/jdk7u21-2-build-linux-i586-product/jdk7u21/hotspot/src/share/vm/prims/jvm.cpp:1166
Event: 1.006 Thread 0xb6706400 Threw 0xa4035f70 at /HUDSON/workspace/jdk7u21-2-build-linux-i586-product/jdk7u21/hotspot/src/share/vm/prims/jvm.cpp:1166

Events (10 events):
Event: 0.982 loading class 0x7c9e1b68
Event: 0.982 loading class 0x7c9e1b68 done
Event: 0.983 loading class 0x7a05a598
Event: 0.983 loading class 0x7a05a598 done
Event: 1.005 loading class 0x7a05d920
Event: 1.005 loading class 0x7a05d920 done
Event: 1.006 loading class 0x7a05a728
Event: 1.006 loading class 0x7a05a728 done
Event: 1.006 loading class 0x7a05d950
Event: 1.006 loading class 0x7a05d950 done


Dynamic libraries:
08048000-08049000 r-xp 00000000 08:05 1607280    /usr/lib/jvm/java-7-oracle/bin/java
08049000-0804a000 rw-p 00000000 08:05 1607280    /usr/lib/jvm/java-7-oracle/bin/java
082a5000-08515000 rw-p 00000000 00:00 0          [heap]
74dff000-78e00000 rw-s 00000000 00:13 451955     /run/shm/pulse-shm-2034976858
78e00000-78e39000 rw-p 00000000 00:00 0 
78e39000-78f00000 ---p 00000000 00:00 0 
78f2f000-78f30000 ---p 00000000 00:00 0 
78f30000-79730000 rw-p 00000000 00:00 0          [stack:4722]
7975f000-79772000 r-xp 00000000 08:05 2502581    /lib/i386-linux-gnu/libresolv-2.17.so
79772000-79773000 r--p 00013000 08:05 2502581    /lib/i386-linux-gnu/libresolv-2.17.so
79773000-79774000 rw-p 00014000 08:05 2502581    /lib/i386-linux-gnu/libresolv-2.17.so
79774000-79776000 rw-p 00000000 00:00 0 
79776000-7977c000 r-xp 00000000 08:05 398477     /usr/lib/i386-linux-gnu/libogg.so.0.8.0
7977c000-7977d000 r--p 00005000 08:05 398477     /usr/lib/i386-linux-gnu/libogg.so.0.8.0
7977d000-7977e000 rw-p 00006000 08:05 398477     /usr/lib/i386-linux-gnu/libogg.so.0.8.0
7977e000-797a7000 r-xp 00000000 08:05 398683     /usr/lib/i386-linux-gnu/libvorbis.so.0.4.5
797a7000-797a8000 ---p 00029000 08:05 398683     /usr/lib/i386-linux-gnu/libvorbis.so.0.4.5
797a8000-797a9000 r--p 00029000 08:05 398683     /usr/lib/i386-linux-gnu/libvorbis.so.0.4.5
797a9000-797aa000 rw-p 0002a000 08:05 398683     /usr/lib/i386-linux-gnu/libvorbis.so.0.4.5
797aa000-79910000 r-xp 00000000 08:05 398685     /usr/lib/i386-linux-gnu/libvorbisenc.so.2.0.8
79910000-79921000 r--p 00165000 08:05 398685     /usr/lib/i386-linux-gnu/libvorbisenc.so.2.0.8
79921000-79922000 rw-p 00176000 08:05 398685     /usr/lib/i386-linux-gnu/libvorbisenc.so.2.0.8
79922000-79970000 r-xp 00000000 08:05 397882     /usr/lib/i386-linux-gnu/libFLAC.so.8.2.0
79970000-79971000 r--p 0004e000 08:05 397882     /usr/lib/i386-linux-gnu/libFLAC.so.8.2.0
79971000-79972000 rw-p 0004f000 08:05 397882     /usr/lib/i386-linux-gnu/libFLAC.so.8.2.0
79972000-799df000 r-xp 00000000 08:05 398594     /usr/lib/i386-linux-gnu/libsndfile.so.1.0.25
799df000-799e1000 r--p 0006c000 08:05 398594     /usr/lib/i386-linux-gnu/libsndfile.so.1.0.25
799e1000-799e2000 rw-p 0006e000 08:05 398594     /usr/lib/i386-linux-gnu/libsndfile.so.1.0.25
799e2000-799e6000 rw-p 00000000 00:00 0 
799e6000-799ee000 r-xp 00000000 08:05 2491190    /lib/i386-linux-gnu/libwrap.so.0.7.6
799ee000-799ef000 r--p 00007000 08:05 2491190    /lib/i386-linux-gnu/libwrap.so.0.7.6
799ef000-799f0000 rw-p 00008000 08:05 2491190    /lib/i386-linux-gnu/libwrap.so.0.7.6
799f0000-79a38000 r-xp 00000000 08:05 2500167    /lib/i386-linux-gnu/libdbus-1.so.3.7.2
79a38000-79a39000 r--p 00047000 08:05 2500167    /lib/i386-linux-gnu/libdbus-1.so.3.7.2
79a39000-79a3a000 rw-p 00048000 08:05 2500167    /lib/i386-linux-gnu/libdbus-1.so.3.7.2
79a3a000-79aa3000 r-xp 00000000 08:05 401049     /usr/lib/i386-linux-gnu/pulseaudio/libpulsecommon-3.0.so
79aa3000-79aa4000 r--p 00068000 08:05 401049     /usr/lib/i386-linux-gnu/pulseaudio/libpulsecommon-3.0.so
79aa4000-79aa5000 rw-p 00069000 08:05 401049     /usr/lib/i386-linux-gnu/pulseaudio/libpulsecommon-3.0.so
79aa5000-79aad000 r-xp 00000000 08:05 2491115    /lib/i386-linux-gnu/libjson.so.0.1.0
79aad000-79aae000 r--p 00007000 08:05 2491115    /lib/i386-linux-gnu/libjson.so.0.1.0
79aae000-79aaf000 rw-p 00008000 08:05 2491115    /lib/i386-linux-gnu/libjson.so.0.1.0
79aaf000-79afb000 r-xp 00000000 08:05 401048     /usr/lib/i386-linux-gnu/libpulse.so.0.15.3
79afb000-79afc000 ---p 0004c000 08:05 401048     /usr/lib/i386-linux-gnu/libpulse.so.0.15.3
79afc000-79afd000 r--p 0004c000 08:05 401048     /usr/lib/i386-linux-gnu/libpulse.so.0.15.3
79afd000-79afe000 rw-p 0004d000 08:05 401048     /usr/lib/i386-linux-gnu/libpulse.so.0.15.3
79afe000-79cfe000 rw-s 1443aa000 00:05 9721      /dev/dri/card0
79cfe000-7a000000 rw-p 00000000 00:00 0 
7a000000-7a0fa000 rw-p 00000000 00:00 0 
7a0fa000-7a100000 ---p 00000000 00:00 0 
7a100000-7a200000 rw-s 146311000 00:05 9721      /dev/dri/card0
7a200000-7a300000 rw-p 00000000 00:00 0 
7a318000-7a31f000 r--s 00000000 08:05 408452     /usr/lib/i386-linux-gnu/gconv/gconv-modules.cache
7a31f000-7a36d000 r-xp 00000000 08:05 577        /home/aivalis/Libraries/Java/lwjgl-2.9.0/native/linux/libopenal.so
7a36d000-7a36f000 r--p 0004d000 08:05 577        /home/aivalis/Libraries/Java/lwjgl-2.9.0/native/linux/libopenal.so
7a36f000-7a370000 rw-p 0004f000 08:05 577        /home/aivalis/Libraries/Java/lwjgl-2.9.0/native/linux/libopenal.so
7a370000-7a390000 rw-s 1464d1000 00:05 9721      /dev/dri/card0
7a390000-7a3a0000 rw-s 1464a1000 00:05 9721      /dev/dri/card0
7a3a0000-7a3b0000 rw-s 13f6a4000 00:05 9721      /dev/dri/card0
7a3b0000-7a836000 rw-p 00000000 00:00 0 
7a836000-7a88d000 rw-p 00000000 00:00 0 
7a891000-7a8b1000 rw-s 13f634000 00:05 9721      /dev/dri/card0
7a8b1000-7a8d1000 rw-s 13f5e4000 00:05 9721      /dev/dri/card0
7a8d1000-7a8f1000 rw-s 13f5a4000 00:05 9721      /dev/dri/card0
7a8f1000-7a911000 rw-s 146471000 00:05 9721      /dev/dri/card0
7a911000-7a951000 rw-s 13f544000 00:05 9721      /dev/dri/card0
7a951000-7a9d1000 rw-s 13f133000 00:05 9721      /dev/dri/card0
7a9d1000-7be7e000 r-xp 00000000 08:05 397188     /usr/lib/i386-linux-gnu/libLLVM-3.2.so.1
7be7e000-7bf2b000 r--p 014ad000 08:05 397188     /usr/lib/i386-linux-gnu/libLLVM-3.2.so.1
7bf2b000-7bf2e000 rw-p 0155a000 08:05 397188     /usr/lib/i386-linux-gnu/libLLVM-3.2.so.1
7bf2e000-7bf38000 rw-p 00000000 00:00 0 
7bf38000-7c014000 r-xp 00000000 08:05 393567     /usr/lib/i386-linux-gnu/libstdc++.so.6.0.17
7c014000-7c015000 ---p 000dc000 08:05 393567     /usr/lib/i386-linux-gnu/libstdc++.so.6.0.17
7c015000-7c019000 r--p 000dc000 08:05 393567     /usr/lib/i386-linux-gnu/libstdc++.so.6.0.17
7c019000-7c01a000 rw-p 000e0000 08:05 393567     /usr/lib/i386-linux-gnu/libstdc++.so.6.0.17
7c01a000-7c021000 rw-p 00000000 00:00 0 
7c021000-7c233000 r-xp 00000000 08:05 401374     /usr/lib/i386-linux-gnu/libgallium.so.0.0.0
7c233000-7c23c000 r--p 00211000 08:05 401374     /usr/lib/i386-linux-gnu/libgallium.so.0.0.0
7c23c000-7c23e000 rw-p 0021a000 08:05 401374     /usr/lib/i386-linux-gnu/libgallium.so.0.0.0
7c23e000-7c406000 rw-p 00000000 00:00 0 
7c406000-7c7a3000 r-xp 00000000 08:05 401375     /usr/lib/i386-linux-gnu/libdricore9.1.1.so.1.0.0
7c7a3000-7c7ac000 r--p 0039c000 08:05 401375     /usr/lib/i386-linux-gnu/libdricore9.1.1.so.1.0.0
7c7ac000-7c7b3000 rw-p 003a5000 08:05 401375     /usr/lib/i386-linux-gnu/libdricore9.1.1.so.1.0.0
7c7b3000-7c7c8000 rw-p 00000000 00:00 0 
7c7c8000-7c8fa000 r-xp 00000000 08:05 401367     /usr/lib/i386-linux-gnu/dri/nouveau_dri.so
7c8fa000-7c8fc000 r--p 00131000 08:05 401367     /usr/lib/i386-linux-gnu/dri/nouveau_dri.so
7c8fc000-7c8fe000 rw-p 00133000 08:05 401367     /usr/lib/i386-linux-gnu/dri/nouveau_dri.so
7c8fe000-7c900000 rw-p 00000000 00:00 0 
7c900000-7c9f0000 rw-p 00000000 00:00 0 
7c9f0000-7ca00000 ---p 00000000 00:00 0 
7ca01000-7ca06000 r-xp 00000000 08:05 398030     /usr/lib/i386-linux-gnu/libasyncns.so.0.3.1
7ca06000-7ca07000 r--p 00004000 08:05 398030     /usr/lib/i386-linux-gnu/libasyncns.so.0.3.1
7ca07000-7ca08000 rw-p 00005000 08:05 398030     /usr/lib/i386-linux-gnu/libasyncns.so.0.3.1
7ca08000-7ca18000 rw-s 13f684000 00:05 9721      /dev/dri/card0
7ca18000-7ca38000 rw-s 146431000 00:05 9721      /dev/dri/card0
7ca38000-7ca6a000 r-xp 00000000 08:05 398595     /usr/lib/i386-linux-gnu/libtxc_dxtn_s2tc.so.0.0.0
7ca6a000-7ca6b000 r--p 00031000 08:05 398595     /usr/lib/i386-linux-gnu/libtxc_dxtn_s2tc.so.0.0.0
7ca6b000-7ca6c000 rw-p 00032000 08:05 398595     /usr/lib/i386-linux-gnu/libtxc_dxtn_s2tc.so.0.0.0
7ca6c000-7ca71000 r-xp 00000000 08:05 393604     /usr/lib/i386-linux-gnu/libffi.so.6.0.1
7ca71000-7ca72000 r--p 00005000 08:05 393604     /usr/lib/i386-linux-gnu/libffi.so.6.0.1
7ca72000-7ca73000 rw-p 00006000 08:05 393604     /usr/lib/i386-linux-gnu/libffi.so.6.0.1
7ca73000-7ca8e000 r-xp 00000000 08:05 2491055    /lib/i386-linux-gnu/libgcc_s.so.1
7ca8e000-7ca8f000 r--p 0001a000 08:05 2491055    /lib/i386-linux-gnu/libgcc_s.so.1
7ca8f000-7ca90000 rw-p 0001b000 08:05 2491055    /lib/i386-linux-gnu/libgcc_s.so.1
7ca90000-7cab5000 r-xp 00000000 08:05 2491073    /lib/i386-linux-gnu/libexpat.so.1.6.0
7cab5000-7cab7000 r--p 00025000 08:05 2491073    /lib/i386-linux-gnu/libexpat.so.1.6.0
7cab7000-7cab8000 rw-p 00027000 08:05 2491073    /lib/i386-linux-gnu/libexpat.so.1.6.0
7cab8000-7cac8000 rw-s 13f664000 00:05 9721      /dev/dri/card0
7cac8000-7cad0000 rw-s 13f60c000 00:05 9721      /dev/dri/card0
7cad0000-7cae4000 r-xp 00000000 08:05 1723623    /usr/lib/jvm/java-7-oracle/jre/lib/i386/libnet.so
7cae4000-7cae5000 rw-p 00014000 08:05 1723623    /usr/lib/jvm/java-7-oracle/jre/lib/i386/libnet.so
7cae5000-7caf0000 r-xp 00000000 08:05 397191     /usr/lib/i386-linux-gnu/libdrm.so.2.4.0
7caf0000-7caf1000 r--p 0000a000 08:05 397191     /usr/lib/i386-linux-gnu/libdrm.so.2.4.0
7caf1000-7caf2000 rw-p 0000b000 08:05 397191     /usr/lib/i386-linux-gnu/libdrm.so.2.4.0
7caf2000-7cb08000 r-xp 00000000 08:05 398701     /usr/lib/i386-linux-gnu/libxcb-glx.so.0.0.0
7cb08000-7cb09000 r--p 00016000 08:05 398701     /usr/lib/i386-linux-gnu/libxcb-glx.so.0.0.0
7cb09000-7cb0a000 rw-p 00017000 08:05 398701     /usr/lib/i386-linux-gnu/libxcb-glx.so.0.0.0
7cb0a000-7cb19000 r-xp 00000000 08:05 397186     /usr/lib/i386-linux-gnu/libglapi.so.0.0.0
7cb19000-7cb1a000 ---p 0000f000 08:05 397186     /usr/lib/i386-linux-gnu/libglapi.so.0.0.0
7cb1a000-7cb1c000 r--p 0000f000 08:05 397186     /usr/lib/i386-linux-gnu/libglapi.so.0.0.0
7cb1c000-7cb21000 rwxp 00011000 08:05 397186     /usr/lib/i386-linux-gnu/libglapi.so.0.0.0
7cb21000-7cb74000 r-xp 00000000 08:05 397176     /usr/lib/i386-linux-gnu/mesa/libGL.so.1.2.0
7cb74000-7cb76000 r--p 00052000 08:05 397176     /usr/lib/i386-linux-gnu/mesa/libGL.so.1.2.0
7cb76000-7cb7a000 rwxp 00054000 08:05 397176     /usr/lib/i386-linux-gnu/mesa/libGL.so.1.2.0
7cb7a000-7cb7b000 rwxp 00000000 00:00 0 
7cb7c000-7cb82000 r-xp 00000000 08:05 398146     /usr/lib/i386-linux-gnu/libdrm_nouveau.so.2.0.0
7cb82000-7cb83000 r--p 00005000 08:05 398146     /usr/lib/i386-linux-gnu/libdrm_nouveau.so.2.0.0
7cb83000-7cb84000 rw-p 00006000 08:05 398146     /usr/lib/i386-linux-gnu/libdrm_nouveau.so.2.0.0
7cb84000-7cb92000 r-xp 00000000 08:05 1723576    /usr/lib/jvm/java-7-oracle/jre/lib/i386/libnio.so
7cb92000-7cb93000 rw-p 0000e000 08:05 1723576    /usr/lib/jvm/java-7-oracle/jre/lib/i386/libnio.so
7cb93000-7cb96000 ---p 00000000 00:00 0 
7cb96000-7cba4000 rw-p 00000000 00:00 0          [stack:4718]
7cba4000-7cbfe000 r-xp 00000000 08:05 575        /home/aivalis/Libraries/Java/lwjgl-2.9.0/native/linux/liblwjgl.so
7cbfe000-7cbff000 r--p 0005a000 08:05 575        /home/aivalis/Libraries/Java/lwjgl-2.9.0/native/linux/liblwjgl.so
7cbff000-7cc00000 rw-p 0005b000 08:05 575        /home/aivalis/Libraries/Java/lwjgl-2.9.0/native/linux/liblwjgl.so
7cc00000-7ccf9000 rw-p 00000000 00:00 0 
7ccf9000-7cd00000 ---p 00000000 00:00 0 
7cd03000-7cd06000 r-xp 00000000 08:05 397954     /usr/lib/i386-linux-gnu/libxcb-dri2.so.0.0.0
7cd06000-7cd07000 r--p 00003000 08:05 397954     /usr/lib/i386-linux-gnu/libxcb-dri2.so.0.0.0
7cd07000-7cd08000 rw-p 00004000 08:05 397954     /usr/lib/i386-linux-gnu/libxcb-dri2.so.0.0.0
7cd08000-7cd0c000 r-xp 00000000 08:05 398004     /usr/lib/i386-linux-gnu/libXxf86vm.so.1.0.0
7cd0c000-7cd0d000 r--p 00003000 08:05 398004     /usr/lib/i386-linux-gnu/libXxf86vm.so.1.0.0
7cd0d000-7cd0e000 rw-p 00004000 08:05 398004     /usr/lib/i386-linux-gnu/libXxf86vm.so.1.0.0
7cd0e000-7cd17000 r-xp 00000000 08:05 397979     /usr/lib/i386-linux-gnu/libXrandr.so.2.2.0
7cd17000-7cd18000 r--p 00008000 08:05 397979     /usr/lib/i386-linux-gnu/libXrandr.so.2.2.0
7cd18000-7cd19000 rw-p 00009000 08:05 397979     /usr/lib/i386-linux-gnu/libXrandr.so.2.2.0
7cd19000-7cd1c000 ---p 00000000 00:00 0 
7cd1c000-7cd6a000 rw-p 00000000 00:00 0          [stack:4714]
7cd6a000-7cd6f000 r-xp 00000000 08:05 397976     /usr/lib/i386-linux-gnu/libXfixes.so.3.1.0
7cd6f000-7cd70000 r--p 00004000 08:05 397976     /usr/lib/i386-linux-gnu/libXfixes.so.3.1.0
7cd70000-7cd71000 rw-p 00005000 08:05 397976     /usr/lib/i386-linux-gnu/libXfixes.so.3.1.0
7cd71000-7cd7a000 r-xp 00000000 08:05 397968     /usr/lib/i386-linux-gnu/libXcursor.so.1.0.2
7cd7a000-7cd7b000 r--p 00008000 08:05 397968     /usr/lib/i386-linux-gnu/libXcursor.so.1.0.2
7cd7b000-7cd7c000 rw-p 00009000 08:05 397968     /usr/lib/i386-linux-gnu/libXcursor.so.1.0.2
7cd7c000-7cd7f000 ---p 00000000 00:00 0 
7cd7f000-7cdcd000 rw-p 00000000 00:00 0          [stack:4713]
7cdcd000-7cdd2000 r-xp 00000000 08:05 397972     /usr/lib/i386-linux-gnu/libXdmcp.so.6.0.0
7cdd2000-7cdd3000 r--p 00004000 08:05 397972     /usr/lib/i386-linux-gnu/libXdmcp.so.6.0.0
7cdd3000-7cdd4000 rw-p 00005000 08:05 397972     /usr/lib/i386-linux-gnu/libXdmcp.so.6.0.0
7cdd4000-7cdf4000 r-xp 00000000 08:05 393598     /usr/lib/i386-linux-gnu/libxcb.so.1.1.0
7cdf4000-7cdf5000 r--p 0001f000 08:05 393598     /usr/lib/i386-linux-gnu/libxcb.so.1.1.0
7cdf5000-7cdf6000 rw-p 00020000 08:05 393598     /usr/lib/i386-linux-gnu/libxcb.so.1.1.0
7cdf6000-7ce04000 r-xp 00000000 08:05 398095     /usr/lib/i386-linux-gnu/libXi.so.6.1.0
7ce04000-7ce05000 r--p 0000d000 08:05 398095     /usr/lib/i386-linux-gnu/libXi.so.6.1.0
7ce05000-7ce06000 rw-p 0000e000 08:05 398095     /usr/lib/i386-linux-gnu/libXi.so.6.1.0
7ce06000-7cf38000 r-xp 00000000 08:05 394644     /usr/lib/i386-linux-gnu/libX11.so.6.3.0
7cf38000-7cf39000 r--p 00132000 08:05 394644     /usr/lib/i386-linux-gnu/libX11.so.6.3.0
7cf39000-7cf3c000 rw-p 00133000 08:05 394644     /usr/lib/i386-linux-gnu/libX11.so.6.3.0
7cf3c000-7cf85000 r-xp 00000000 08:05 1973738    /usr/lib/jvm/java-7-oracle/jre/lib/i386/xawt/libmawt.so
7cf85000-7cf88000 rw-p 00048000 08:05 1973738    /usr/lib/jvm/java-7-oracle/jre/lib/i386/xawt/libmawt.so
7cf88000-7d00e000 r-xp 00000000 08:05 1723624    /usr/lib/jvm/java-7-oracle/jre/lib/i386/libawt.so
7d00e000-7d015000 rw-p 00086000 08:05 1723624    /usr/lib/jvm/java-7-oracle/jre/lib/i386/libawt.so
7d015000-7d039000 rw-p 00000000 00:00 0 
7d039000-7d03a000 ---p 00000000 00:00 0 
7d03a000-7d0ba000 rw-p 00000000 00:00 0          [stack:4712]
7d0ba000-7d0bd000 ---p 00000000 00:00 0 
7d0bd000-7d10b000 rw-p 00000000 00:00 0          [stack:4711]
7d10b000-7d10e000 ---p 00000000 00:00 0 
7d10e000-7d18c000 rw-p 00000000 00:00 0          [stack:4710]
7d18c000-7d18f000 ---p 00000000 00:00 0 
7d18f000-7d20d000 rw-p 00000000 00:00 0          [stack:4709]
7d20d000-7d210000 ---p 00000000 00:00 0 
7d210000-7d25e000 rw-p 00000000 00:00 0          [stack:4708]
7d25e000-7d45e000 r--p 00000000 08:05 393345     /usr/lib/locale/locale-archive
7d45e000-7d461000 ---p 00000000 00:00 0 
7d461000-7d4af000 rw-p 00000000 00:00 0          [stack:4707]
7d4af000-7d4b2000 ---p 00000000 00:00 0 
7d4b2000-7d500000 rw-p 00000000 00:00 0          [stack:4706]
7d500000-7d5fc000 rw-p 00000000 00:00 0 
7d5fc000-7d600000 ---p 00000000 00:00 0 
7d604000-7d609000 r-xp 00000000 08:05 397998     /usr/lib/i386-linux-gnu/libXtst.so.6.1.0
7d609000-7d60a000 r--p 00004000 08:05 397998     /usr/lib/i386-linux-gnu/libXtst.so.6.1.0
7d60a000-7d60b000 rw-p 00005000 08:05 397998     /usr/lib/i386-linux-gnu/libXtst.so.6.1.0
7d60b000-7d60c000 ---p 00000000 00:00 0 
7d60c000-7d68c000 rw-p 00000000 00:00 0          [stack:4705]
7d68c000-7d849000 r--s 039de000 08:05 1723554    /usr/lib/jvm/java-7-oracle/jre/lib/rt.jar
7d849000-7fa00000 rw-p 00000000 00:00 0 
7fa00000-7fac0000 rw-p 00000000 00:00 0 
7fac0000-7fb00000 ---p 00000000 00:00 0 
7fb00000-7fb08000 r-xp 00000000 08:05 397994     /usr/lib/i386-linux-gnu/libXrender.so.1.3.0
7fb08000-7fb09000 r--p 00007000 08:05 397994     /usr/lib/i386-linux-gnu/libXrender.so.1.3.0
7fb09000-7fb0a000 rw-p 00008000 08:05 397994     /usr/lib/i386-linux-gnu/libXrender.so.1.3.0
7fb0a000-7fb1a000 r-xp 00000000 08:05 397974     /usr/lib/i386-linux-gnu/libXext.so.6.4.0
7fb1a000-7fb1b000 r--p 0000f000 08:05 397974     /usr/lib/i386-linux-gnu/libXext.so.6.4.0
7fb1b000-7fb1c000 rw-p 00010000 08:05 397974     /usr/lib/i386-linux-gnu/libXext.so.6.4.0
7fb1c000-7fb20000 rw-s 1441a6000 00:05 9721      /dev/dri/card0
7fb20000-7fb21000 r-xp 00000000 08:05 398152     /usr/lib/i386-linux-gnu/libX11-xcb.so.1.0.0
7fb21000-7fb22000 r--p 00000000 08:05 398152     /usr/lib/i386-linux-gnu/libX11-xcb.so.1.0.0
7fb22000-7fb23000 rw-p 00001000 08:05 398152     /usr/lib/i386-linux-gnu/libX11-xcb.so.1.0.0
7fb23000-7fb26000 ---p 00000000 00:00 0 
7fb26000-7fb7f000 rw-p 00000000 00:00 0          [stack:4716]
7fb7f000-7fb80000 ---p 00000000 00:00 0 
7fb80000-7fc00000 rw-p 00000000 00:00 0          [stack:4703]
7fc00000-7fc21000 rw-p 00000000 00:00 0 
7fc21000-7fd00000 ---p 00000000 00:00 0 
7fd00000-7fd02000 r-xp 00000000 08:05 397970     /usr/lib/i386-linux-gnu/libXdamage.so.1.1.0
7fd02000-7fd03000 r--p 00001000 08:05 397970     /usr/lib/i386-linux-gnu/libXdamage.so.1.1.0
7fd03000-7fd04000 rw-p 00002000 08:05 397970     /usr/lib/i386-linux-gnu/libXdamage.so.1.1.0
7fd04000-7fd05000 r-xp 00000000 08:05 1723571    /usr/lib/jvm/java-7-oracle/jre/lib/i386/libjawt.so
7fd05000-7fd06000 rw-p 00000000 08:05 1723571    /usr/lib/jvm/java-7-oracle/jre/lib/i386/libjawt.so
7fd06000-7fd07000 ---p 00000000 00:00 0 
7fd07000-7fd8f000 rw-p 00000000 00:00 0          [stack:4702]
7fd8f000-7fda7000 rw-p 00000000 00:00 0 
7fda7000-7fdb7000 rw-p 00000000 00:00 0 
7fdb7000-7fea4000 rw-p 00000000 00:00 0 
7fea4000-7feac000 rw-p 00000000 00:00 0 
7feac000-7fec4000 rw-p 00000000 00:00 0 
7fec4000-7fed4000 rw-p 00000000 00:00 0 
7fed4000-7ffc0000 rw-p 00000000 00:00 0 
7ffc0000-7ffc9000 rw-p 00000000 00:00 0 
7ffc9000-8003f000 rw-p 00000000 00:00 0 
8003f000-81040000 rw-p 00000000 00:00 0 
81040000-84040000 rw-p 00000000 00:00 0 
84040000-85fe0000 rw-p 00000000 00:00 0 
85fe0000-a39a0000 rw-p 00000000 00:00 0 
a39a0000-a4960000 rw-p 00000000 00:00 0 
a4960000-b3640000 rw-p 00000000 00:00 0 
b3640000-b3649000 rw-p 00000000 00:00 0 
b3649000-b3700000 rw-p 00000000 00:00 0 
b3700000-b3940000 rwxp 00000000 00:00 0 
b3940000-b67f7000 rw-p 00000000 00:00 0 
b67f7000-b6800000 ---p 00000000 00:00 0 
b6800000-b6801000 rwxp 00000000 00:00 0 
b6801000-b680e000 r--s 000e6000 08:05 568        /home/aivalis/Libraries/Java/lwjgl-2.9.0/jar/lwjgl.jar
b680e000-b6825000 r-xp 00000000 08:05 1723604    /usr/lib/jvm/java-7-oracle/jre/lib/i386/libzip.so
b6825000-b6826000 rw-p 00017000 08:05 1723604    /usr/lib/jvm/java-7-oracle/jre/lib/i386/libzip.so
b6826000-b6831000 r-xp 00000000 08:05 2491247    /lib/i386-linux-gnu/libnss_files-2.17.so
b6831000-b6832000 r--p 0000a000 08:05 2491247    /lib/i386-linux-gnu/libnss_files-2.17.so
b6832000-b6833000 rw-p 0000b000 08:05 2491247    /lib/i386-linux-gnu/libnss_files-2.17.so
b6833000-b683d000 r-xp 00000000 08:05 2502575    /lib/i386-linux-gnu/libnss_nis-2.17.so
b683d000-b683e000 r--p 00009000 08:05 2502575    /lib/i386-linux-gnu/libnss_nis-2.17.so
b683e000-b683f000 rw-p 0000a000 08:05 2502575    /lib/i386-linux-gnu/libnss_nis-2.17.so
b683f000-b6854000 r-xp 00000000 08:05 2502584    /lib/i386-linux-gnu/libnsl-2.17.so
b6854000-b6855000 r--p 00014000 08:05 2502584    /lib/i386-linux-gnu/libnsl-2.17.so
b6855000-b6856000 rw-p 00015000 08:05 2502584    /lib/i386-linux-gnu/libnsl-2.17.so
b6856000-b6858000 rw-p 00000000 00:00 0 
b6858000-b6859000 rw-s 13f333000 00:05 9721      /dev/dri/card0
b6859000-b685b000 r-xp 00000000 08:05 397961     /usr/lib/i386-linux-gnu/libXau.so.6.0.0
b685b000-b685c000 r--p 00001000 08:05 397961     /usr/lib/i386-linux-gnu/libXau.so.6.0.0
b685c000-b685d000 rw-p 00002000 08:05 397961     /usr/lib/i386-linux-gnu/libXau.so.6.0.0
b685d000-b6868000 r--s 000af000 08:05 3939463    /home/aivalis/Libraries/Java/slick.jar
b6868000-b6870000 rw-s 00000000 08:05 1320133    /tmp/hsperfdata_aivalis/4698
b6870000-b6893000 r-xp 00000000 08:05 1723592    /usr/lib/jvm/java-7-oracle/jre/lib/i386/libjava.so
b6893000-b6894000 rw-p 00023000 08:05 1723592    /usr/lib/jvm/java-7-oracle/jre/lib/i386/libjava.so
b6894000-b689b000 r-xp 00000000 08:05 2490473    /lib/i386-linux-gnu/librt-2.17.so
b689b000-b689c000 r--p 00006000 08:05 2490473    /lib/i386-linux-gnu/librt-2.17.so
b689c000-b689d000 rw-p 00007000 08:05 2490473    /lib/i386-linux-gnu/librt-2.17.so
b689d000-b68a0000 ---p 00000000 00:00 0 
b68a0000-b68ee000 rw-p 00000000 00:00 0          [stack:4701]
b68ee000-b692f000 r-xp 00000000 08:05 2491246    /lib/i386-linux-gnu/libm-2.17.so
b692f000-b6930000 r--p 00040000 08:05 2491246    /lib/i386-linux-gnu/libm-2.17.so
b6930000-b6931000 rw-p 00041000 08:05 2491246    /lib/i386-linux-gnu/libm-2.17.so
b6931000-b70ec000 r-xp 00000000 08:05 1841367    /usr/lib/jvm/java-7-oracle/jre/lib/i386/server/libjvm.so
b70ec000-b713e000 rw-p 007bb000 08:05 1841367    /usr/lib/jvm/java-7-oracle/jre/lib/i386/server/libjvm.so
b713e000-b7561000 rw-p 00000000 00:00 0 
b7561000-b770e000 r-xp 00000000 08:05 2502570    /lib/i386-linux-gnu/libc-2.17.so
b770e000-b7710000 r--p 001ad000 08:05 2502570    /lib/i386-linux-gnu/libc-2.17.so
b7710000-b7711000 rw-p 001af000 08:05 2502570    /lib/i386-linux-gnu/libc-2.17.so
b7711000-b7714000 rw-p 00000000 00:00 0 
b7714000-b7717000 r-xp 00000000 08:05 2502579    /lib/i386-linux-gnu/libdl-2.17.so
b7717000-b7718000 r--p 00002000 08:05 2502579    /lib/i386-linux-gnu/libdl-2.17.so
b7718000-b7719000 rw-p 00003000 08:05 2502579    /lib/i386-linux-gnu/libdl-2.17.so
b7719000-b772c000 r-xp 00000000 08:05 1723573    /usr/lib/jvm/java-7-oracle/jre/lib/i386/jli/libjli.so
b772c000-b772d000 rw-p 00012000 08:05 1723573    /usr/lib/jvm/java-7-oracle/jre/lib/i386/jli/libjli.so
b772d000-b772e000 rw-p 00000000 00:00 0 
b772e000-b7745000 r-xp 00000000 08:05 2502574    /lib/i386-linux-gnu/libpthread-2.17.so
b7745000-b7746000 r--p 00016000 08:05 2502574    /lib/i386-linux-gnu/libpthread-2.17.so
b7746000-b7747000 rw-p 00017000 08:05 2502574    /lib/i386-linux-gnu/libpthread-2.17.so
b7747000-b7749000 rw-p 00000000 00:00 0 
b7749000-b774a000 r--p 002c5000 08:05 393345     /usr/lib/locale/locale-archive
b774a000-b7751000 r-xp 00000000 08:05 2491245    /lib/i386-linux-gnu/libnss_compat-2.17.so
b7751000-b7752000 r--p 00006000 08:05 2491245    /lib/i386-linux-gnu/libnss_compat-2.17.so
b7752000-b7753000 rw-p 00007000 08:05 2491245    /lib/i386-linux-gnu/libnss_compat-2.17.so
b7753000-b7754000 rw-p 00000000 00:00 0 
b7754000-b7755000 r--p 00000000 00:00 0 
b7755000-b7760000 r-xp 00000000 08:05 1723609    /usr/lib/jvm/java-7-oracle/jre/lib/i386/libverify.so
b7760000-b7761000 rw-p 0000b000 08:05 1723609    /usr/lib/jvm/java-7-oracle/jre/lib/i386/libverify.so
b7761000-b7763000 rw-p 00000000 00:00 0 
b7763000-b7764000 r-xp 00000000 00:00 0          [vdso]
b7764000-b7784000 r-xp 00000000 08:05 2502583    /lib/i386-linux-gnu/ld-2.17.so
b7784000-b7785000 r--p 0001f000 08:05 2502583    /lib/i386-linux-gnu/ld-2.17.so
b7785000-b7786000 rw-p 00020000 08:05 2502583    /lib/i386-linux-gnu/ld-2.17.so
bfcb5000-bfcd6000 rw-p 00000000 00:00 0          [stack]

VM Arguments:
jvm_args: -Dfile.encoding=UTF-8 -Djava.library.path=/home/aivalis/Libraries/Java/lwjgl-2.9.0/native/linux 
java_command: jbomber.Main
Launcher Type: SUN_STANDARD

Environment Variables:
PATH=/usr/lib/lightdm/lightdm:/usr/local/sbin:/usr/local/bin:/usr/sbin:/usr/bin:/sbin:/bin:/usr/games:/usr/local/games
LD_LIBRARY_PATH=/usr/lib/jvm/java-7-oracle/jre/lib/amd64:/usr/lib/jvm/java-7-oracle/jre/lib/i386:
SHELL=/bin/bash
DISPLAY=:0.0

Signal Handlers:
SIGSEGV: [libjvm.so+0x722ea0], sa_mask[0]=0x7ffbfeff, sa_flags=0x10000004
SIGBUS: [libjvm.so+0x722ea0], sa_mask[0]=0x7ffbfeff, sa_flags=0x10000004
SIGFPE: [libjvm.so+0x5dbc80], sa_mask[0]=0x7ffbfeff, sa_flags=0x10000004
SIGPIPE: [libjvm.so+0x5dbc80], sa_mask[0]=0x7ffbfeff, sa_flags=0x10000004
SIGXFSZ: [libjvm.so+0x5dbc80], sa_mask[0]=0x7ffbfeff, sa_flags=0x10000004
SIGILL: [libjvm.so+0x5dbc80], sa_mask[0]=0x7ffbfeff, sa_flags=0x10000004
SIGUSR1: SIG_DFL, sa_mask[0]=0x00000000, sa_flags=0x00000000
SIGUSR2: [libjvm.so+0x5db560], sa_mask[0]=0x00000004, sa_flags=0x10000004
SIGHUP: [libjvm.so+0x5ddb50], sa_mask[0]=0x7ffbfeff, sa_flags=0x10000004
SIGINT: SIG_IGN, sa_mask[0]=0x00000000, sa_flags=0x00000000
SIGTERM: [libjvm.so+0x5ddb50], sa_mask[0]=0x7ffbfeff, sa_flags=0x10000004
SIGQUIT: [libjvm.so+0x5ddb50], sa_mask[0]=0x7ffbfeff, sa_flags=0x10000004


---------------  S Y S T E M  ---------------

OS:wheezy/sid

uname:Linux 3.8.0-21-generic #32-Ubuntu SMP Tue May 14 22:17:37 UTC 2013 i686
libc:glibc 2.17 NPTL 2.17 
rlimit: STACK 8192k, CORE 0k, NPROC 24096, NOFILE 4096, AS infinity
load average:1.12 1.25 1.18

/proc/meminfo:
MemTotal:        3100816 kB
MemFree:          182116 kB
Buffers:          338412 kB
Cached:           729816 kB
SwapCached:         3044 kB
Active:          1567824 kB
Inactive:        1188044 kB
Active(anon):    1102352 kB
Inactive(anon):   606520 kB
Active(file):     465472 kB
Inactive(file):   581524 kB
Unevictable:          64 kB
Mlocked:              64 kB
HighTotal:       2229864 kB
HighFree:          80200 kB
LowTotal:         870952 kB
LowFree:          101916 kB
SwapTotal:       2928636 kB
SwapFree:        2916124 kB
Dirty:               364 kB
Writeback:             0 kB
AnonPages:       1685060 kB
Mapped:           239344 kB
Shmem:             21152 kB
Slab:             103008 kB
SReclaimable:      65916 kB
SUnreclaim:        37092 kB
KernelStack:        5800 kB
PageTables:        21384 kB
NFS_Unstable:          0 kB
Bounce:                0 kB
WritebackTmp:          0 kB
CommitLimit:     4479044 kB
Committed_AS:    7151728 kB
VmallocTotal:     122880 kB
VmallocUsed:       61136 kB
VmallocChunk:      49536 kB
HardwareCorrupted:     0 kB
AnonHugePages:         0 kB
HugePages_Total:       0
HugePages_Free:        0
HugePages_Rsvd:        0
HugePages_Surp:        0
Hugepagesize:       2048 kB
DirectMap4k:        8184 kB
DirectMap2M:      905216 kB


CPU:total 2 (2 cores per cpu, 1 threads per core) family 6 model 23 stepping 6, cmov, cx8, fxsr, mmx, sse, sse2, sse3, ssse3, sse4.1, tsc

/proc/cpuinfo:
processor	: 0
vendor_id	: GenuineIntel
cpu family	: 6
model		: 23
model name	: Intel(R) Core(TM)2 Duo CPU     P8600  @ 2.40GHz
stepping	: 6
microcode	: 0x60c
cpu MHz		: 2401.000
cache size	: 3072 KB
physical id	: 0
siblings	: 2
core id		: 0
cpu cores	: 2
apicid		: 0
initial apicid	: 0
fdiv_bug	: no
hlt_bug		: no
f00f_bug	: no
coma_bug	: no
fpu		: yes
fpu_exception	: yes
cpuid level	: 10
wp		: yes
flags		: fpu vme de pse tsc msr pae mce cx8 apic sep mtrr pge mca cmov pat pse36 clflush dts acpi mmx fxsr sse sse2 ss ht tm pbe nx lm constant_tsc arch_perfmon pebs bts aperfmperf pni dtes64 monitor ds_cpl vmx smx est tm2 ssse3 cx16 xtpr pdcm sse4_1 lahf_lm dtherm tpr_shadow vnmi flexpriority
bogomips	: 4788.57
clflush size	: 64
cache_alignment	: 64
address sizes	: 36 bits physical, 48 bits virtual
power management:

processor	: 1
vendor_id	: GenuineIntel
cpu family	: 6
model		: 23
model name	: Intel(R) Core(TM)2 Duo CPU     P8600  @ 2.40GHz
stepping	: 6
microcode	: 0x60c
cpu MHz		: 2401.000
cache size	: 3072 KB
physical id	: 0
siblings	: 2
core id		: 1
cpu cores	: 2
apicid		: 1
initial apicid	: 1
fdiv_bug	: no
hlt_bug		: no
f00f_bug	: no
coma_bug	: no
fpu		: yes
fpu_exception	: yes
cpuid level	: 10
wp		: yes
flags		: fpu vme de pse tsc msr pae mce cx8 apic sep mtrr pge mca cmov pat pse36 clflush dts acpi mmx fxsr sse sse2 ss ht tm pbe nx lm constant_tsc arch_perfmon pebs bts aperfmperf pni dtes64 monitor ds_cpl vmx smx est tm2 ssse3 cx16 xtpr pdcm sse4_1 lahf_lm dtherm tpr_shadow vnmi flexpriority
bogomips	: 4788.57
clflush size	: 64
cache_alignment	: 64
address sizes	: 36 bits physical, 48 bits virtual
power management:



Memory: 4k page, physical 3100816k(182116k free), swap 2928636k(2916124k free)

vm_info: Java HotSpot(TM) Server VM (23.21-b01) for linux-x86 JRE (1.7.0_21-b11), built on Apr  4 2013 04:20:11 by "java_re" with gcc 4.3.0 20080428 (Red Hat 4.3.0-8)

time: Mon May 20 11:30:31 2013
elapsed time: 1 seconds

